\BOOKMARK [0][-]{chapter.1}{Wstep}{}% 1
\BOOKMARK [1][-]{section.1.1}{Cel pracy}{chapter.1}% 2
\BOOKMARK [1][-]{section.1.2}{Uk\233ad pracy}{chapter.1}% 3
\BOOKMARK [0][-]{chapter.2}{Wprowadzenie teoretyczne}{}% 4
\BOOKMARK [1][-]{section.2.1}{Procesy nowotworowe}{chapter.2}% 5
\BOOKMARK [1][-]{section.2.2}{Budowa uk\233adu immunologicznego i jego znaczenie w procesie leczenia nowotwor\363w}{chapter.2}% 6
\BOOKMARK [2][-]{subsection.2.2.1}{Kom\363rki NK}{section.2.2}% 7
\BOOKMARK [2][-]{subsection.2.2.2}{Limfocyty typu T}{section.2.2}% 8
\BOOKMARK [2][-]{subsection.2.2.3}{Interleukiny}{section.2.2}% 9
\BOOKMARK [0][-]{chapter.3}{Leczenie nowotwor\363w}{}% 10
\BOOKMARK [1][-]{section.3.1}{Chemioterapia}{chapter.3}% 11
\BOOKMARK [1][-]{section.3.2}{Immunoterapia}{chapter.3}% 12
\BOOKMARK [2][-]{subsection.3.2.1}{Nieswoista bierna immunoterapia}{section.3.2}% 13
\BOOKMARK [2][-]{subsection.3.2.2}{Swoista bierna immunoterapia}{section.3.2}% 14
\BOOKMARK [2][-]{subsection.3.2.3}{Nieswoista czynna immunoterapia}{section.3.2}% 15
\BOOKMARK [2][-]{subsection.3.2.4}{Swoista czynna immunoterapia}{section.3.2}% 16
\BOOKMARK [1][-]{section.3.3}{Leczenie skojarzone}{chapter.3}% 17
\BOOKMARK [0][-]{chapter.4}{Model matematyczny}{}% 18
\BOOKMARK [1][-]{section.4.1}{Za\233ozenia modelu}{chapter.4}% 19
\BOOKMARK [1][-]{section.4.2}{Model nieuwzgledniajacy procesu leczenia}{chapter.4}% 20
\BOOKMARK [2][-]{subsection.4.2.1}{R\363wnania i opis modelu}{section.4.2}% 21
\BOOKMARK [1][-]{section.4.3}{Model leczonego guza}{chapter.4}% 22
\BOOKMARK [2][-]{subsection.4.3.1}{R\363wnania i opis modelu}{section.4.3}% 23
\BOOKMARK [0][-]{chapter.5}{Symulacje - wprowadzenie}{}% 24
\BOOKMARK [0][-]{chapter.6}{Symulacje modelu rozwoju nieleczonego guza}{}% 25
\BOOKMARK [1][-]{section.6.1}{Scenariusz I \205 zmiana poczatkowej liczby kom\363rek nowotworowych}{chapter.6}% 26
\BOOKMARK [1][-]{section.6.2}{Scenariusz II \205 zmiana poczatkowej liczby limfocyt\363w krazacych}{chapter.6}% 27
\BOOKMARK [0][-]{chapter.7}{Leczenie metoda chemioterapii \205 symulacje wykonane dla modelu leczonego guza}{}% 28
\BOOKMARK [1][-]{section.7.1}{Scenariusz I \205 zmiana d\233ugosci cyklu}{chapter.7}% 29
\BOOKMARK [1][-]{section.7.2}{Scenariusz II \205 zmiana dawki dozowanego cytostatyka}{chapter.7}% 30
\BOOKMARK [1][-]{section.7.3}{Scenariusz III \205 zmiana dawki dozowanego cytostatyka VM w kolejnych powt\363rzeniach cyklu}{chapter.7}% 31
\BOOKMARK [1][-]{section.7.4}{Scenariusz IV \205 zmiana liczby powt\363rzen cyklu}{chapter.7}% 32
\BOOKMARK [1][-]{section.7.5}{Scenariusz V \205 zmiana dnia rozpoczecia chemioterapii}{chapter.7}% 33
\BOOKMARK [0][-]{chapter.8}{Leczenie metoda immunoterapii \205 symulacje wykonane dla modelu leczonego guza}{}% 34
\BOOKMARK [1][-]{section.8.1}{Scenariusz I \205 zmiana poczatkowej wielkosci guza}{chapter.8}% 35
\BOOKMARK [1][-]{section.8.2}{Scenariusz II \205 zmiana dawki IL-2 VI}{chapter.8}% 36
\BOOKMARK [1][-]{section.8.3}{Scenariusz III \205 zmiana dawki TIL VL}{chapter.8}% 37
\BOOKMARK [1][-]{section.8.4}{Scenariusz IV \205 zmiana liczby powt\363rzen cyklu IL-2}{chapter.8}% 38
\BOOKMARK [1][-]{section.8.5}{Scenariusz V \205 zmiana dnia rozpoczecia immunoterapii}{chapter.8}% 39
\BOOKMARK [0][-]{chapter.9}{Biochemioterapia \205 leczenie metodami skojarzonymi}{}% 40
\BOOKMARK [1][-]{section.9.1}{Scenariusz I \205 zmiana warunk\363w poczatkowych chemioterapii}{chapter.9}% 41
\BOOKMARK [2][-]{subsection.9.1.1}{Zmiana d\233ugosci cyklu chemioterapii}{section.9.1}% 42
\BOOKMARK [2][-]{subsection.9.1.2}{Zmiana dawki dozowanego cytostatyka}{section.9.1}% 43
\BOOKMARK [2][-]{subsection.9.1.3}{Zmiana liczby powt\363rzen cyklu chemioterapii}{section.9.1}% 44
\BOOKMARK [2][-]{subsection.9.1.4}{Zmiana dnia rozpoczecia chemioterapii}{section.9.1}% 45
\BOOKMARK [1][-]{section.9.2}{Scenariusz II \205 zmiana warunk\363w poczatkowych immunoterapii}{chapter.9}% 46
\BOOKMARK [2][-]{subsection.9.2.1}{Zmiana dawki IL-2}{section.9.2}% 47
\BOOKMARK [2][-]{subsection.9.2.2}{Zmiana liczby powt\363rzen cyklu IL-2 dla leczenia bez wykorzystania TIL}{section.9.2}% 48
\BOOKMARK [2][-]{subsection.9.2.3}{Zmiana dnia rozpoczecia immunoterapii dla leczenia bez wykorzystania TIL}{section.9.2}% 49
\BOOKMARK [1][-]{section.9.3}{Scenariusz III \205 zmiana warunk\363w poczatkowych immunoterapii \(dawki IL-2 VI\) w celu uzyskania pozytywnego efektu leczenia dla okreslonych warunk\363w poczatkowych chemioterapii \(bardzo ma\233ej dawki cytostatyka VM\)}{chapter.9}% 50
\BOOKMARK [1][-]{section.9.4}{Scenariusz IV \205 zmiany kolejnosci wdrozenia poszczeg\363lnych terapii}{chapter.9}% 51
\BOOKMARK [1][-]{section.9.5}{Scenariusz V \205 por\363wnanie stanu uk\233adu immunologicznego u r\363znych pacjent\363w}{chapter.9}% 52
\BOOKMARK [0][-]{chapter.10}{Podsumowanie}{}% 53
\BOOKMARK [0][-]{chapter.11}{Perspektywy rozwoju}{}% 54
\BOOKMARK [1][-]{section.11.1}{Interferony}{chapter.11}% 55
\BOOKMARK [1][-]{section.11.2}{Nowa odmiana limfocyt\363w typu T}{chapter.11}% 56
\BOOKMARK [0][-]{chapter.12}{Dodatek}{}% 57
\BOOKMARK [1][-]{section.12.1}{Tabela skr\363t\363w}{chapter.12}% 58
\BOOKMARK [1][-]{section.12.2}{Specyfikacja zaimplementowanego modelu}{chapter.12}% 59
