This is pdfTeX, Version 3.14159265-2.6-1.40.21 (MiKTeX 2.9.7400 64-bit) (preloaded format=pdflatex 2020.4.25)  16 OCT 2020 10:32
entering extended mode
**./ImmunochemiotherapyModel.tex
(ImmunochemiotherapyModel.tex
LaTeX2e <2020-02-02> patch level 5
L3 programming layer <2020-04-06> (USTAWIENIA.tex
("C:\Users\pc\AppData\Local\Programs\MiKTeX 2.9\tex/generic/iftex\ifpdf.sty"
Package: ifpdf 2019/10/25 v3.4 ifpdf legacy package. Use iftex instead.

("C:\Users\pc\AppData\Local\Programs\MiKTeX 2.9\tex/generic/iftex\iftex.sty"
Package: iftex 2020/03/06 v1.0d TeX engine tests
))
(thesis.cls
Document Class: thesis 1996/25/01 1.0g LaTeX document class (wm).
\hours=\count167
\minutes=\count168
("C:\Users\pc\AppData\Local\Programs\MiKTeX 2.9\tex/latex/base\bk12.clo"
File: bk12.clo 2019/12/20 v1.4l Standard LaTeX file (size option)
)
\c@part=\count169
\c@chapter=\count170
\c@section=\count171
\c@subsection=\count172
\c@subsubsection=\count173
\c@paragraph=\count174
\c@subparagraph=\count175
\beforechaptervspace=\skip47
\afterchaptervspace=\skip48
\exampleindent=\skip49
\c@figure=\count176
\c@table=\count177
\abovecaptionskip=\skip50
\belowcaptionskip=\skip51
\bibindent=\dimen134
)
("C:\Users\pc\AppData\Local\Programs\MiKTeX 2.9\tex/latex/graphics\graphicx.sty
"
Package: graphicx 2019/11/30 v1.2a Enhanced LaTeX Graphics (DPC,SPQR)
 ("C:\Users\pc\AppData\Local\Programs\MiKTeX 2.9\tex/latex/graphics\keyval.sty"
Package: keyval 2014/10/28 v1.15 key=value parser (DPC)
\KV@toks@=\toks15
)
("C:\Users\pc\AppData\Local\Programs\MiKTeX 2.9\tex/latex/graphics\graphics.sty
"
Package: graphics 2019/11/30 v1.4a Standard LaTeX Graphics (DPC,SPQR)
 ("C:\Users\pc\AppData\Local\Programs\MiKTeX 2.9\tex/latex/graphics\trig.sty"
Package: trig 2016/01/03 v1.10 sin cos tan (DPC)
)
("C:\Users\pc\AppData\Local\Programs\MiKTeX 2.9\tex/latex/graphics-cfg\graphics
.cfg"
File: graphics.cfg 2016/06/04 v1.11 sample graphics configuration
)
Package graphics Info: Driver file: pdftex.def on input line 105.

("C:\Users\pc\AppData\Local\Programs\MiKTeX 2.9\tex/latex/graphics-def\pdftex.d
ef"
File: pdftex.def 2018/01/08 v1.0l Graphics/color driver for pdftex
))
\Gin@req@height=\dimen135
\Gin@req@width=\dimen136
) ("C:\Users\pc\AppData\Local\Programs\MiKTeX 2.9\tex/latex/url\url.sty"
\Urlmuskip=\muskip16
Package: url 2013/09/16  ver 3.4  Verb mode for urls, etc.
)
(stronatytulowa.sty)
("C:\Users\pc\AppData\Local\Programs\MiKTeX 2.9\tex/latex/base\inputenc.sty"
Package: inputenc 2018/08/11 v1.3c Input encoding file
\inpenc@prehook=\toks16
\inpenc@posthook=\toks17

("C:\Users\pc\AppData\Local\Programs\MiKTeX 2.9\tex/latex/base\cp1250.def"
File: cp1250.def 2018/08/11 v1.3c Input encoding file
))
("C:\Users\pc\AppData\Local\Programs\MiKTeX 2.9\tex/latex/hyperref\hyperref.sty
"
Package: hyperref 2020/01/14 v7.00d Hypertext links for LaTeX

("C:\Users\pc\AppData\Local\Programs\MiKTeX 2.9\tex/generic/ltxcmds\ltxcmds.sty
"
Package: ltxcmds 2019/12/15 v1.24 LaTeX kernel commands for general use (HO)
)
("C:\Users\pc\AppData\Local\Programs\MiKTeX 2.9\tex/latex/pdftexcmds\pdftexcmds
.sty"
Package: pdftexcmds 2019/11/24 v0.31 Utility functions of pdfTeX for LuaTeX (HO
)

("C:\Users\pc\AppData\Local\Programs\MiKTeX 2.9\tex/generic/infwarerr\infwarerr
.sty"
Package: infwarerr 2019/12/03 v1.5 Providing info/warning/error messages (HO)
)
Package pdftexcmds Info: \pdf@primitive is available.
Package pdftexcmds Info: \pdf@ifprimitive is available.
Package pdftexcmds Info: \pdfdraftmode found.
)
("C:\Users\pc\AppData\Local\Programs\MiKTeX 2.9\tex/generic/kvsetkeys\kvsetkeys
.sty"
Package: kvsetkeys 2019/12/15 v1.18 Key value parser (HO)
)
("C:\Users\pc\AppData\Local\Programs\MiKTeX 2.9\tex/generic/kvdefinekeys\kvdefi
nekeys.sty"
Package: kvdefinekeys 2019-12-19 v1.6 Define keys (HO)
)
("C:\Users\pc\AppData\Local\Programs\MiKTeX 2.9\tex/generic/pdfescape\pdfescape
.sty"
Package: pdfescape 2019/12/09 v1.15 Implements pdfTeX's escape features (HO)
)
("C:\Users\pc\AppData\Local\Programs\MiKTeX 2.9\tex/latex/hycolor\hycolor.sty"
Package: hycolor 2020-01-27 v1.10 Color options for hyperref/bookmark (HO)
)
("C:\Users\pc\AppData\Local\Programs\MiKTeX 2.9\tex/latex/letltxmacro\letltxmac
ro.sty"
Package: letltxmacro 2019/12/03 v1.6 Let assignment for LaTeX macros (HO)
)
("C:\Users\pc\AppData\Local\Programs\MiKTeX 2.9\tex/latex/auxhook\auxhook.sty"
Package: auxhook 2019-12-17 v1.6 Hooks for auxiliary files (HO)
)
("C:\Users\pc\AppData\Local\Programs\MiKTeX 2.9\tex/latex/kvoptions\kvoptions.s
ty"
Package: kvoptions 2019/11/29 v3.13 Key value format for package options (HO)
)
\@linkdim=\dimen137
\Hy@linkcounter=\count178
\Hy@pagecounter=\count179

("C:\Users\pc\AppData\Local\Programs\MiKTeX 2.9\tex/latex/hyperref\pd1enc.def"
File: pd1enc.def 2020/01/14 v7.00d Hyperref: PDFDocEncoding definition (HO)
Now handling font encoding PD1 ...
... no UTF-8 mapping file for font encoding PD1
) ("C:\Users\pc\AppData\Local\Programs\MiKTeX 2.9\tex/generic/intcalc\intcalc.s
ty"
Package: intcalc 2019/12/15 v1.3 Expandable calculations with integers (HO)
)
("C:\Users\pc\AppData\Local\Programs\MiKTeX 2.9\tex/generic/etexcmds\etexcmds.s
ty"
Package: etexcmds 2019/12/15 v1.7 Avoid name clashes with e-TeX commands (HO)
)
\Hy@SavedSpaceFactor=\count180
Package hyperref Info: Option `colorlinks' set `true' on input line 4421.
Package hyperref Info: Option `pdfusetitle' set `true' on input line 4421.
Package hyperref Info: Hyper figures OFF on input line 4547.
Package hyperref Info: Link nesting OFF on input line 4552.
Package hyperref Info: Hyper index ON on input line 4555.
Package hyperref Info: Plain pages OFF on input line 4562.
Package hyperref Info: Backreferencing OFF on input line 4567.
Package hyperref Info: Implicit mode ON; LaTeX internals redefined.
Package hyperref Info: Bookmarks ON on input line 4800.
\c@Hy@tempcnt=\count181
LaTeX Info: Redefining \url on input line 5159.
\XeTeXLinkMargin=\dimen138

("C:\Users\pc\AppData\Local\Programs\MiKTeX 2.9\tex/generic/bitset\bitset.sty"
Package: bitset 2019/12/09 v1.3 Handle bit-vector datatype (HO)

("C:\Users\pc\AppData\Local\Programs\MiKTeX 2.9\tex/generic/bigintcalc\bigintca
lc.sty"
Package: bigintcalc 2019/12/15 v1.5 Expandable calculations on big integers (HO
)
))
\Fld@menulength=\count182
\Field@Width=\dimen139
\Fld@charsize=\dimen140
Package hyperref Info: Hyper figures OFF on input line 6430.
Package hyperref Info: Link nesting OFF on input line 6435.
Package hyperref Info: Hyper index ON on input line 6438.
Package hyperref Info: backreferencing OFF on input line 6445.
Package hyperref Info: Link coloring ON on input line 6448.
Package hyperref Info: Link coloring with OCG OFF on input line 6455.
Package hyperref Info: PDF/A mode OFF on input line 6460.
LaTeX Info: Redefining \ref on input line 6500.
LaTeX Info: Redefining \pageref on input line 6504.

("C:\Users\pc\AppData\Local\Programs\MiKTeX 2.9\tex/generic/atbegshi\atbegshi.s
ty"
Package: atbegshi 2019/12/05 v1.19 At begin shipout hook (HO)
)
\Hy@abspage=\count183
\c@Item=\count184
\c@Hfootnote=\count185
)
Package hyperref Info: Driver: hpdftex.

("C:\Users\pc\AppData\Local\Programs\MiKTeX 2.9\tex/latex/hyperref\hpdftex.def"
File: hpdftex.def 2020/01/14 v7.00d Hyperref driver for pdfTeX

("C:\Users\pc\AppData\Local\Programs\MiKTeX 2.9\tex/latex/atveryend\atveryend.s
ty"
Package: atveryend 2019-12-11 v1.11 Hooks at the very end of document (HO)
Package atveryend Info: \enddocument detected (standard20110627).
)
\Fld@listcount=\count186
\c@bookmark@seq@number=\count187

("C:\Users\pc\AppData\Local\Programs\MiKTeX 2.9\tex/latex/rerunfilecheck\rerunf
ilecheck.sty"
Package: rerunfilecheck 2019/12/05 v1.9 Rerun checks for auxiliary files (HO)

("C:\Users\pc\AppData\Local\Programs\MiKTeX 2.9\tex/generic/uniquecounter\uniqu
ecounter.sty"
Package: uniquecounter 2019/12/15 v1.4 Provide unlimited unique counter (HO)
)
Package uniquecounter Info: New unique counter `rerunfilecheck' on input line 2
86.
)
\Hy@SectionHShift=\skip52
)
("C:\Users\pc\AppData\Local\Programs\MiKTeX 2.9\tex/latex/tools\layout.sty"
Package: layout 2014/10/28 v1.2c Show layout parameters
\oneinch=\count188
\cnt@paperwidth=\count189
\cnt@paperheight=\count190
\cnt@hoffset=\count191
\cnt@voffset=\count192
\cnt@textheight=\count193
\cnt@textwidth=\count194
\cnt@topmargin=\count195
\cnt@oddsidemargin=\count196
\cnt@evensidemargin=\count197
\cnt@headheight=\count198
\cnt@headsep=\count199
\cnt@marginparsep=\count266
\cnt@marginparwidth=\count267
\cnt@marginparpush=\count268
\cnt@footskip=\count269
\fheight=\count270
\ref@top=\count271
\ref@hoffset=\count272
\ref@voffset=\count273
\ref@head=\count274
\ref@body=\count275
\ref@foot=\count276
\ref@margin=\count277
\ref@marginwidth=\count278
\ref@marginpar=\count279
\Interval=\count280
\ExtraYPos=\count281
\PositionX=\count282
\PositionY=\count283
\ArrowLength=\count284
)
("C:\Users\pc\AppData\Local\Programs\MiKTeX 2.9\tex/latex/base\t1enc.sty"
Package: t1enc 1994/06/01 Standard LaTeX package
)
("C:\Users\pc\AppData\Local\Programs\MiKTeX 2.9\tex/latex/amsmath\amsmath.sty"
Package: amsmath 2020/01/20 v2.17e AMS math features
\@mathmargin=\skip53

For additional information on amsmath, use the `?' option.
("C:\Users\pc\AppData\Local\Programs\MiKTeX 2.9\tex/latex/amsmath\amstext.sty"
Package: amstext 2000/06/29 v2.01 AMS text

("C:\Users\pc\AppData\Local\Programs\MiKTeX 2.9\tex/latex/amsmath\amsgen.sty"
File: amsgen.sty 1999/11/30 v2.0 generic functions
\@emptytoks=\toks18
\ex@=\dimen141
)) ("C:\Users\pc\AppData\Local\Programs\MiKTeX 2.9\tex/latex/amsmath\amsbsy.sty
"
Package: amsbsy 1999/11/29 v1.2d Bold Symbols
\pmbraise@=\dimen142
) ("C:\Users\pc\AppData\Local\Programs\MiKTeX 2.9\tex/latex/amsmath\amsopn.sty"
Package: amsopn 2016/03/08 v2.02 operator names
)
\inf@bad=\count285
LaTeX Info: Redefining \frac on input line 227.
\uproot@=\count286
\leftroot@=\count287
LaTeX Info: Redefining \overline on input line 389.
\classnum@=\count288
\DOTSCASE@=\count289
LaTeX Info: Redefining \ldots on input line 486.
LaTeX Info: Redefining \dots on input line 489.
LaTeX Info: Redefining \cdots on input line 610.
\Mathstrutbox@=\box45
\strutbox@=\box46
\big@size=\dimen143
LaTeX Font Info:    Redeclaring font encoding OML on input line 733.
LaTeX Font Info:    Redeclaring font encoding OMS on input line 734.
\macc@depth=\count290
\c@MaxMatrixCols=\count291
\dotsspace@=\muskip17
\c@parentequation=\count292
\dspbrk@lvl=\count293
\tag@help=\toks19
\row@=\count294
\column@=\count295
\maxfields@=\count296
\andhelp@=\toks20
\eqnshift@=\dimen144
\alignsep@=\dimen145
\tagshift@=\dimen146
\tagwidth@=\dimen147
\totwidth@=\dimen148
\lineht@=\dimen149
\@envbody=\toks21
\multlinegap=\skip54
\multlinetaggap=\skip55
\mathdisplay@stack=\toks22
LaTeX Info: Redefining \[ on input line 2859.
LaTeX Info: Redefining \] on input line 2860.
) ("C:\Users\pc\AppData\Local\Programs\MiKTeX 2.9\tex/latex/polski\polski.sty"
Package: polski 2017/05/04 v1.3.4 Polish language package

   Inputenc package detected. Catcodes not changed.
("C:\Users\pc\AppData\Local\Programs\MiKTeX 2.9\tex/latex/base\ot4enc.def"
File: ot4enc.def 2020/02/11 v2.0o Standard LaTeX file
Now handling font encoding OT4 ...
... no UTF-8 mapping file for font encoding OT4
)
LaTeX Font Info:    Overwriting math alphabet `\mathbf' in version `normal'
(Font)                  OT1/cmr/bx/n --> OT4/cmr/bx/n on input line 324.
LaTeX Font Info:    Overwriting math alphabet `\mathsf' in version `normal'
(Font)                  OT1/cmss/m/n --> OT4/cmss/m/n on input line 324.
LaTeX Font Info:    Overwriting math alphabet `\mathit' in version `normal'
(Font)                  OT1/cmr/m/it --> OT4/cmr/m/it on input line 324.
LaTeX Font Info:    Overwriting math alphabet `\mathtt' in version `normal'
(Font)                  OT1/cmtt/m/n --> OT4/cmtt/m/n on input line 324.
LaTeX Font Info:    Overwriting math alphabet `\mathsf' in version `bold'
(Font)                  OT1/cmss/bx/n --> OT4/cmss/bx/n on input line 324.
LaTeX Font Info:    Overwriting math alphabet `\mathit' in version `bold'
(Font)                  OT1/cmr/bx/it --> OT4/cmr/bx/it on input line 324.
LaTeX Font Info:    Encoding `OT1' has changed to `OT4' for symbol font
(Font)              `operators' in the math version `normal' on input line 324.

LaTeX Font Info:    Overwriting symbol font `operators' in version `normal'
(Font)                  OT1/cmr/m/n --> OT4/cmr/m/n on input line 324.
LaTeX Font Info:    Overwriting symbol font `letters' in version `normal'
(Font)                  OML/cmm/m/it --> OML/plm/m/it on input line 324.
LaTeX Font Info:    Overwriting symbol font `symbols' in version `normal'
(Font)                  OMS/cmsy/m/n --> OMS/plsy/m/n on input line 324.
LaTeX Font Info:    Overwriting symbol font `largesymbols' in version `normal'
(Font)                  OMX/cmex/m/n --> OMX/plex/m/n on input line 324.
LaTeX Font Info:    Encoding `OT1' has changed to `OT4' for symbol font
(Font)              `operators' in the math version `bold' on input line 324.
LaTeX Font Info:    Overwriting symbol font `operators' in version `bold'
(Font)                  OT1/cmr/bx/n --> OT4/cmr/bx/n on input line 324.
LaTeX Font Info:    Overwriting symbol font `letters' in version `bold'
(Font)                  OML/cmm/b/it --> OML/plm/b/it on input line 324.
LaTeX Font Info:    Overwriting symbol font `symbols' in version `bold'
(Font)                  OMS/cmsy/b/n --> OMS/plsy/b/n on input line 324.
)
("C:\Users\pc\AppData\Local\Programs\MiKTeX 2.9\tex/latex/psnfss\helvet.sty"
Package: helvet 2020/03/25 PSNFSS-v9.3 (WaS) 
)
("C:\Users\pc\AppData\Local\Programs\MiKTeX 2.9\tex/latex/tools\indentfirst.sty
"
Package: indentfirst 1995/11/23 v1.03 Indent first paragraph (DPC)
)
("C:\Users\pc\AppData\Local\Programs\MiKTeX 2.9\tex/latex/amsfonts\amsfonts.sty
"
Package: amsfonts 2013/01/14 v3.01 Basic AMSFonts support
\symAMSa=\mathgroup4
\symAMSb=\mathgroup5
LaTeX Font Info:    Redeclaring math symbol \hbar on input line 98.
LaTeX Font Info:    Overwriting math alphabet `\mathfrak' in version `bold'
(Font)                  U/euf/m/n --> U/euf/b/n on input line 106.
) ("C:\Users\pc\AppData\Local\Programs\MiKTeX 2.9\tex/latex/subfig\subfig.sty"
Package: subfig 2005/06/28 ver: 1.3 subfig package
("C:\Users\pc\AppData\Local\Programs\MiKTeX 2.9\tex/latex/caption\caption.sty"
Package: caption 2020/01/03 v3.4h Customizing captions (AR)

("C:\Users\pc\AppData\Local\Programs\MiKTeX 2.9\tex/latex/caption\caption3.sty"
Package: caption3 2020/01/03 v1.8h caption3 kernel (AR)
Package caption3 Info: TeX engine: e-TeX on input line 61.
\captionmargin=\dimen150
\captionmargin@=\dimen151
\captionwidth=\dimen152
\caption@tempdima=\dimen153
\caption@indent=\dimen154
\caption@parindent=\dimen155
\caption@hangindent=\dimen156
Package caption Info: thesis document class detected.
Package caption Info: Unknown document class (or package),
(caption)             standard defaults will be used.
Package caption Info: \@makecaption = \long macro:#1#2->\vskip \abovecaptionski
p \setbox \@tempboxa \hbox {{\cph@font #1:} {\cpb@font #2}}\ifdim \wd \@tempbox
a >\hsize \@hangfrom {\cph@font #1: }{\cpb@font #2\par }\else \hbox to\hsize {\
hfil \box \@tempboxa \hfil }\fi \vskip \belowcaptionskip  on input line 1082.
)

Package caption Warning: Unknown document class (or package),
(caption)                standard defaults will be used.
See the caption package documentation for explanation.

\c@caption@flags=\count297
\c@continuedfloat=\count298
Package caption Info: hyperref package is loaded.
)
\c@KVtest=\count299
\sf@farskip=\skip56
\sf@captopadj=\dimen157
\sf@capskip=\skip57
\sf@nearskip=\skip58
\c@subfigure=\count300
\c@subfigure@save=\count301
\c@lofdepth=\count302
\c@subtable=\count303
\c@subtable@save=\count304
\c@lotdepth=\count305
\sf@top=\skip59
\sf@bottom=\skip60
)
("C:\Users\pc\AppData\Local\Programs\MiKTeX 2.9\tex/latex/multirow\multirow.sty
"
Package: multirow 2019/05/31 v2.5 Span multiple rows of a table
\multirow@colwidth=\skip61
\multirow@cntb=\count306
\multirow@dima=\skip62
\bigstrutjot=\dimen158
) ("C:\Users\pc\AppData\Local\Programs\MiKTeX 2.9\tex/latex/cite\cite.sty"
LaTeX Info: Redefining \cite on input line 302.
LaTeX Info: Redefining \nocite on input line 332.
Package: cite 2015/02/27  v 5.5
)
("C:\Users\pc\AppData\Local\Programs\MiKTeX 2.9\tex/latex/listings\listings.sty
"
\lst@mode=\count307
\lst@gtempboxa=\box47
\lst@token=\toks23
\lst@length=\count308
\lst@currlwidth=\dimen159
\lst@column=\count309
\lst@pos=\count310
\lst@lostspace=\dimen160
\lst@width=\dimen161
\lst@newlines=\count311
\lst@lineno=\count312
\lst@maxwidth=\dimen162
 ("C:\Users\pc\AppData\Local\Programs\MiKTeX 2.9\tex/latex/listings\lstmisc.sty
"
File: lstmisc.sty 2020/03/24 1.8d (Carsten Heinz)
\c@lstnumber=\count313
\lst@skipnumbers=\count314
\lst@framebox=\box48
)
("C:\Users\pc\AppData\Local\Programs\MiKTeX 2.9\tex/latex/listings\listings.cfg
"
File: listings.cfg 2020/03/24 1.8d listings configuration
))
Package: listings 2020/03/24 1.8d (Carsten Heinz)

("C:\Users\pc\AppData\Local\Programs\MiKTeX 2.9\tex/latex/listings\lstlang1.sty
"
File: lstlang1.sty 2020/03/24 1.8d listings language file
) (cleardpempty.sty)
("C:\Users\pc\AppData\Local\Programs\MiKTeX 2.9\tex/latex/float\float.sty"
Package: float 2001/11/08 v1.3d Float enhancements (AL)
\c@float@type=\count315
\float@exts=\toks24
\float@box=\box49
\@float@everytoks=\toks25
\@floatcapt=\box50
)
("C:\Users\pc\AppData\Local\Programs\MiKTeX 2.9\tex/latex/tools\longtable.sty"
Package: longtable 2020/01/07 v4.13 Multi-page Table package (DPC)
\LTleft=\skip63
\LTright=\skip64
\LTpre=\skip65
\LTpost=\skip66
\LTchunksize=\count316
\LTcapwidth=\dimen163
\LT@head=\box51
\LT@firsthead=\box52
\LT@foot=\box53
\LT@lastfoot=\box54
\LT@cols=\count317
\LT@rows=\count318
\c@LT@tables=\count319
\c@LT@chunks=\count320
\LT@p@ftn=\toks26
)
\c@twierdzenie=\count321
\c@wlasnosc=\count322
\c@lemat=\count323
) ("C:\Users\pc\AppData\Local\Programs\MiKTeX 2.9\tex/latex/graphics\color.sty"
Package: color 2019/11/23 v1.2a Standard LaTeX Color (DPC)

("C:\Users\pc\AppData\Local\Programs\MiKTeX 2.9\tex/latex/graphics-cfg\color.cf
g"
File: color.cfg 2016/01/02 v1.6 sample color configuration
)
Package color Info: Driver file: pdftex.def on input line 147.
)
("C:\Users\pc\AppData\Local\Programs\MiKTeX 2.9\tex/latex/anysize\anysize.sty"
Package: anysize 1994/08/13 setting margin sizes

document style option `anysize' loaded
Michael Salzenberg, Thomas Esser, Dirk Hillbrecht
Version 1.0, Aug 13, 1994
\@Leftmargin=\dimen164
\@Rightmargin=\dimen165
\@Topmargin=\dimen166
\@Bottommargin=\dimen167
)
("C:\Users\pc\AppData\Local\Programs\MiKTeX 2.9\tex/latex/l3backend\l3backend-p
dfmode.def"
File: l3backend-pdfmode.def 2020-03-12 L3 backend support: PDF mode
\l__kernel_color_stack_int=\count324
\l__pdf_internal_box=\box55
) (ImmunochemiotherapyModel.aux

LaTeX Warning: Label `wykres_zmiana_immuno_okreslone_chemiopol' multiply define
d.


LaTeX Warning: Label `sub@wykres_zmiana_immuno_okreslone_chemiopol' multiply de
fined.


LaTeX Warning: Label `stezenie_zmiana_immuno_okreslone_chemiopol' multiply defi
ned.


LaTeX Warning: Label `sub@stezenie_zmiana_immuno_okreslone_chemiopol' multiply 
defined.

)
\openout1 = `ImmunochemiotherapyModel.aux'.

LaTeX Font Info:    Checking defaults for OML/cmm/m/it on input line 11.
LaTeX Font Info:    ... okay on input line 11.
LaTeX Font Info:    Checking defaults for OMS/cmsy/m/n on input line 11.
LaTeX Font Info:    ... okay on input line 11.
LaTeX Font Info:    Checking defaults for OT1/cmr/m/n on input line 11.
LaTeX Font Info:    ... okay on input line 11.
LaTeX Font Info:    Checking defaults for T1/cmr/m/n on input line 11.
LaTeX Font Info:    ... okay on input line 11.
LaTeX Font Info:    Checking defaults for TS1/cmr/m/n on input line 11.
LaTeX Font Info:    ... okay on input line 11.
LaTeX Font Info:    Checking defaults for OMX/cmex/m/n on input line 11.
LaTeX Font Info:    ... okay on input line 11.
LaTeX Font Info:    Checking defaults for U/cmr/m/n on input line 11.
LaTeX Font Info:    ... okay on input line 11.
LaTeX Font Info:    Checking defaults for PD1/pdf/m/n on input line 11.
LaTeX Font Info:    ... okay on input line 11.
LaTeX Font Info:    Checking defaults for OT4/cmr/m/n on input line 11.
LaTeX Font Info:    Trying to load font information for OT4+cmr on input line 1
1.
 ("C:\Users\pc\AppData\Local\Programs\MiKTeX 2.9\tex/latex/polski\ot4cmr.fd"
File: ot4cmr.fd 2008/02/24 v1.2.1 Font defs for fonts PL (MW)
)
LaTeX Font Info:    ... okay on input line 11.

("C:\Users\pc\AppData\Local\Programs\MiKTeX 2.9\tex/context/base/mkii\supp-pdf.
mkii"
[Loading MPS to PDF converter (version 2006.09.02).]
\scratchcounter=\count325
\scratchdimen=\dimen168
\scratchbox=\box56
\nofMPsegments=\count326
\nofMParguments=\count327
\everyMPshowfont=\toks27
\MPscratchCnt=\count328
\MPscratchDim=\dimen169
\MPnumerator=\count329
\makeMPintoPDFobject=\count330
\everyMPtoPDFconversion=\toks28
)
("C:\Users\pc\AppData\Local\Programs\MiKTeX 2.9\tex/latex/epstopdf-pkg\epstopdf
-base.sty"
Package: epstopdf-base 2020-01-24 v2.11 Base part for package epstopdf
Package epstopdf-base Info: Redefining graphics rule for `.eps' on input line 4
85.
)
\AtBeginShipoutBox=\box57
Package hyperref Info: Link coloring ON on input line 11.

("C:\Users\pc\AppData\Local\Programs\MiKTeX 2.9\tex/latex/hyperref\nameref.sty"
Package: nameref 2019/09/16 v2.46 Cross-referencing by name of section
("C:\Users\pc\AppData\Local\Programs\MiKTeX 2.9\tex/latex/refcount\refcount.sty
"
Package: refcount 2019/12/15 v3.6 Data extraction from label references (HO)
)
("C:\Users\pc\AppData\Local\Programs\MiKTeX 2.9\tex/generic/gettitlestring\gett
itlestring.sty"
Package: gettitlestring 2019/12/15 v1.6 Cleanup title references (HO)
)
\c@section@level=\count331
)
LaTeX Info: Redefining \ref on input line 11.
LaTeX Info: Redefining \pageref on input line 11.
LaTeX Info: Redefining \nameref on input line 11.
 (ImmunochemiotherapyModel.out) (ImmunochemiotherapyModel.out)
\@outlinefile=\write3
\openout3 = `ImmunochemiotherapyModel.out'.

Package caption Info: Begin \AtBeginDocument code.
Package caption Info: subfig package v1.3 is loaded.
Package caption Info: float package is loaded.
Package caption Info: listings package is loaded.
Package caption Info: longtable package is loaded.
("C:\Users\pc\AppData\Local\Programs\MiKTeX 2.9\tex/latex/caption\ltcaption.sty
"
Package: ltcaption 2018/08/26 v1.4a longtable captions (AR)
)
Package caption Info: End \AtBeginDocument code.
\c@lstlisting=\count332
 (ImmunochemiotherapyModel.toc
LaTeX Font Info:    Trying to load font information for OML+plm on input line 1
.

("C:\Users\pc\AppData\Local\Programs\MiKTeX 2.9\tex/latex/polski\omlplm.fd"
File: omlplm.fd 2008/02/24 v1.2.1 Font defs for fonts PL (MW)
)
LaTeX Font Info:    Trying to load font information for OMS+plsy on input line 
1.

("C:\Users\pc\AppData\Local\Programs\MiKTeX 2.9\tex/latex/polski\omsplsy.fd"
File: omsplsy.fd 2008/02/24 v1.2.1 Font defs for fonts PL (MW)
)
LaTeX Font Info:    Trying to load font information for OMX+plex on input line 
1.

("C:\Users\pc\AppData\Local\Programs\MiKTeX 2.9\tex/latex/polski\omxplex.fd"
File: omxplex.fd 2008/02/24 v1.2.1 Font defs for fonts PL (MW)
)
LaTeX Font Info:    External font `plex10' loaded for size
(Font)              <12> on input line 1.
LaTeX Font Info:    External font `plex10' loaded for size
(Font)              <8> on input line 1.
LaTeX Font Info:    External font `plex10' loaded for size
(Font)              <6> on input line 1.
LaTeX Font Info:    Trying to load font information for U+msa on input line 1.

("C:\Users\pc\AppData\Local\Programs\MiKTeX 2.9\tex/latex/amsfonts\umsa.fd"
File: umsa.fd 2013/01/14 v3.01 AMS symbols A
)
LaTeX Font Info:    Trying to load font information for U+msb on input line 1.

("C:\Users\pc\AppData\Local\Programs\MiKTeX 2.9\tex/latex/amsfonts\umsb.fd"
File: umsb.fd 2013/01/14 v3.01 AMS symbols B
)
[1




{C:/Users/pc/AppData/Local/MiKTeX/2.9/pdftex/config/pdftex.map}])
\tf@toc=\write4
\openout4 = `ImmunochemiotherapyModel.toc'.

 [2]
[3] (ImmunochemiotherapyModel.lof [4

] [5])
\tf@lof=\write5
\openout5 = `ImmunochemiotherapyModel.lof'.

 [6] (ImmunochemiotherapyModel.lot
[7

] [8])
\tf@lot=\write6
\openout6 = `ImmunochemiotherapyModel.lot'.

 [9] (Rozdzialy.tex
Rozdzia\PlPrIeC {\l } 1.
LaTeX Font Info:    External font `plex10' loaded for size
(Font)              <10> on input line 6.
LaTeX Font Info:    External font `plex10' loaded for size
(Font)              <7> on input line 6.
LaTeX Font Info:    External font `plex10' loaded for size
(Font)              <5> on input line 6.

Overfull \hbox (11.74423pt too wide) in paragraph at lines 11--12
[]\OT4/cmr/m/n/12 przedstawienie i im-ple-men-ta-cja mo-de-lu roz-wo-ju no-wo-t
wo-ru w or-ga-ni-zmie z uwzgl¦d-
 []

[1


] [2]
Rozdzia\PlPrIeC {\l } 2.
[3

] [4]
Overfull \hbox (25.85364pt too wide) in paragraph at lines 65--65
[]|\OT4/cmr/m/n/12 Nieswoista 
 []


Overfull \hbox (29.97026pt too wide) in paragraph at lines 65--65
\OT4/cmr/m/n/12 (wrodzona)|  
 []


Underfull \hbox (badness 2213) in paragraph at lines 69--69
[]\OT4/cmr/m/n/12 uaktywnienie ukªa-du do-peª-
 []


Underfull \hbox (badness 10000) in paragraph at lines 73--73
[]\OT4/cmr/m/n/12 produkcja pro-sto-glan-dyn
 []


Underfull \hbox (badness 4193) in paragraph at lines 73--73
\OT4/cmr/m/n/12 PGE1 i PGE2, któ-re ha-
 []


Underfull \hbox (badness 10000) in paragraph at lines 74--74
[]\OT4/cmr/m/n/12 cytotoksyczno±¢ za-le»-na
 []


Overfull \hbox (1.07564pt too wide) in paragraph at lines 62--81
 [][] 
 []

[5]
Underfull \hbox (badness 10000) in paragraph at lines 86--87

 []


Underfull \hbox (badness 10000) in paragraph at lines 100--101

 []


Underfull \hbox (badness 10000) in paragraph at lines 102--103

 []

[6]
Underfull \hbox (badness 10000) in paragraph at lines 112--113

 []

[7]
Overfull \hbox (4.77843pt too wide) in paragraph at lines 135--136
[]\OT4/cmr/m/n/12 Istniej¡ licz-ne efek-to-ro-we me-cha-ni-zmy cy-to-tok-sycz-n
o-±ci sªu-»¡-ce ko-mór-kom NK do za-
 []


Underfull \hbox (badness 10000) in paragraph at lines 135--136

 []

[8]
Underfull \hbox (badness 10000) in paragraph at lines 152--153

 []

<./rysunki/Limf_TT2.jpg, id=758, 522.45187pt x 1002.74625pt>
File: ./rysunki/Limf_TT2.jpg Graphic file (type jpg)
<use ./rysunki/Limf_TT2.jpg>
Package pdftex.def Info: ./rysunki/Limf_TT2.jpg  used on input line 162.
(pdftex.def)             Requested size: 308.71106pt x 592.5179pt.

LaTeX Warning: `!h' float specifier changed to `!ht'.

[9]
Underfull \hbox (badness 10000) in paragraph at lines 188--190

 []

[10]
Underfull \hbox (badness 10000) in paragraph at lines 193--194

 []

[11] [12] [13 <./rysunki/Limf_TT2.jpg>]
Rozdzia\PlPrIeC {\l } 3.
[14

]
Underfull \hbox (badness 10000) in paragraph at lines 219--220

 []


Underfull \hbox (badness 10000) in paragraph at lines 221--222

 []

[15]
Overfull \hbox (2.63808pt too wide) in paragraph at lines 240--241
[]\OT4/cmr/m/n/12 wykrywanie przez ukªad od-por-no-±cio-wy ko-mó-rek no-wo-two-
ro-wych ja-ko ob-ce dla or-
 []

[16]
Underfull \hbox (badness 10000) in paragraph at lines 248--249

 []


Underfull \hbox (badness 10000) in paragraph at lines 248--249

 []

[17]
Overfull \hbox (4.5596pt too wide) in paragraph at lines 272--273
[]\OT4/cmr/m/n/12 W nie-swo-istej czyn-nej im-mu-no-te-ra-pii po-bu-dza-ny jest
 ukªad od-por-no-±cio-wy, a zwªasz-
 []

[18]
Underfull \hbox (badness 10000) in paragraph at lines 283--285

 []


Overfull \hbox (5.1512pt too wide) in paragraph at lines 288--289
\OT4/cmr/m/n/12 sze-nie ma-sy gu-za u cho-rych z miej-sco-wo za-awan-so-wa-nym 
no-wo-two-rem i umo»-
 []

[19]
Rozdzia\PlPrIeC {\l } 4.
[20

] [21]
Underfull \hbox (badness 10000) in paragraph at lines 356--357

 []

LaTeX Font Info:    External font `plex10' loaded for size
(Font)              <10.95> on input line 359.
[22]
Underfull \hbox (badness 10000) in paragraph at lines 388--389

 []


Underfull \hbox (badness 10000) in paragraph at lines 397--397
[]\OT4/cmr/m/n/12 Minimalna licz-ba ko-mó-rek no-wo-two-ru za-bi-ta
 []


Underfull \hbox (badness 1852) in paragraph at lines 402--402
[]\OT4/cmr/m/n/12 Maksymalna licz-ba ko-mó-rek NK wy-twa-rza-nych
 []


Underfull \hbox (badness 2393) in paragraph at lines 409--409
[]\OT4/cmr/m/n/12 Warto±¢ $[][]$ ko-niecz-na do osi¡-gni¦-cia po-ªo-wy
 []


LaTeX Warning: `!h' float specifier changed to `!ht'.

[23]

LaTeX Warning: Text page 24 contains only floats.


Overfull \vbox (4.31384pt too high) has occurred while \output is active []


[24]
Overfull \hbox (29.02704pt too wide) detected at line 438
[]
 []

[25]
Underfull \hbox (badness 10000) in paragraph at lines 460--461

 []


Underfull \hbox (badness 1635) in paragraph at lines 471--471
[]\OT4/cmr/m/n/12 Uªamek lim-fo-cy-tów kr¡-»¡-cych znisz-czo-nych po-przez
 []

[26]
Rozdzia\PlPrIeC {\l } 5.
[27

]
<./rysunki/bez_lecz_sym1_regresja.jpg, id=968, 420.82219pt x 315.42844pt>
File: ./rysunki/bez_lecz_sym1_regresja.jpg Graphic file (type jpg)
<use ./rysunki/bez_lecz_sym1_regresja.jpg>
Package pdftex.def Info: ./rysunki/bez_lecz_sym1_regresja.jpg  used on input li
ne 525.
(pdftex.def)             Requested size: 374.86775pt x 280.9855pt.
 [28 <./rysunki/bez_lecz_sym1_regresja.jpg>]
Underfull \hbox (badness 10000) in paragraph at lines 540--541

 []

<./rysunki/diagram_analiz.png, id=982, 586.44093pt x 1613.27719pt>
File: ./rysunki/diagram_analiz.png Graphic file (type png)
<use ./rysunki/diagram_analiz.png>
Package pdftex.def Info: ./rysunki/diagram_analiz.png  used on input line 570.
(pdftex.def)             Requested size: 242.5611pt x 667.25746pt.

LaTeX Warning: Float too large for page by 65.34816pt on input line 572.


LaTeX Warning: `!h' float specifier changed to `!ht'.

[29] [30 <./rysunki/diagram_analiz.png>]
Rozdzia\PlPrIeC {\l } 6.

Underfull \hbox (badness 10000) in paragraph at lines 586--587

 []

[31

] [32]
Overfull \hbox (3.25613pt too wide) in paragraph at lines 615--616
\OT4/cmr/m/n/12 w za-le»-no-±ci od po-cz¡t-ko-wej licz-by ko-mó-rek no-wo-two-r
o-wych $\OML/plm/m/it/12 T\OT4/cmr/m/n/12 (0)$ przed-sta-wia Rys. [][]6.1a[][].

 []

<./rysunki/wykres_bez_lecz_t120_t0.jpg, id=1007, 534.49687pt x 307.90031pt>
File: ./rysunki/wykres_bez_lecz_t120_t0.jpg Graphic file (type jpg)
<use ./rysunki/wykres_bez_lecz_t120_t0.jpg>
Package pdftex.def Info: ./rysunki/wykres_bez_lecz_t120_t0.jpg  used on input l
ine 620.
(pdftex.def)             Requested size: 330.76329pt x 190.54385pt.
<./rysunki/wykres_bez_lecz_promien_t0.jpg, id=1008, 536.0025pt x 311.66437pt>
File: ./rysunki/wykres_bez_lecz_promien_t0.jpg Graphic file (type jpg)
<use ./rysunki/wykres_bez_lecz_promien_t0.jpg>
Package pdftex.def Info: ./rysunki/wykres_bez_lecz_promien_t0.jpg  used on inpu
t line 623.
(pdftex.def)             Requested size: 330.76329pt x 192.32158pt.
[33 <./rysunki/wykres_bez_lecz_t120_t0.jpg> <./rysunki/wykres_bez_lecz_promien_
t0.jpg>]
<./rysunki/bez_lecz_sym1_progres.jpg, id=1018, 416.30531pt x 313.9228pt>
File: ./rysunki/bez_lecz_sym1_progres.jpg Graphic file (type jpg)
<use ./rysunki/bez_lecz_sym1_progres.jpg>
Package pdftex.def Info: ./rysunki/bez_lecz_sym1_progres.jpg  used on input lin
e 633.
(pdftex.def)             Requested size: 286.65883pt x 216.17107pt.

Overfull \hbox (3.4513pt too wide) in paragraph at lines 642--643
[]\OT4/cmr/m/n/12 wzrost licz-by ko-mó-rek no-wo-two-ro-wych po-wo-du-je na-gªy
 przy-rost lim-fo-cy-tów $\OML/plm/m/it/12 T[]$
 []

[34 <./rysunki/bez_lecz_sym1_progres.jpg>] [35]
Underfull \hbox (badness 10000) in paragraph at lines 660--661

 []

[36]
<./rysunki/wykres_bez_lecz_t120_c0.jpg, id=1040, 532.99126pt x 310.91156pt>
File: ./rysunki/wykres_bez_lecz_t120_c0.jpg Graphic file (type jpg)
<use ./rysunki/wykres_bez_lecz_t120_c0.jpg>
Package pdftex.def Info: ./rysunki/wykres_bez_lecz_t120_c0.jpg  used on input l
ine 688.
(pdftex.def)             Requested size: 330.76329pt x 192.94818pt.
<./rysunki/wykres_bez_lecz_promien_c0.jpg, id=1041, 536.0025pt x 303.38344pt>
File: ./rysunki/wykres_bez_lecz_promien_c0.jpg Graphic file (type jpg)
<use ./rysunki/wykres_bez_lecz_promien_c0.jpg>
Package pdftex.def Info: ./rysunki/wykres_bez_lecz_promien_c0.jpg  used on inpu
t line 691.
(pdftex.def)             Requested size: 330.76329pt x 187.2116pt.
 [37 <./rysunki/wykres_bez_lecz_t120_c0.jpg> <./rysunki/wykres_bez_lecz_promien
_c0.jpg>]
Overfull \hbox (8.02971pt too wide) in paragraph at lines 697--698
[]\OT4/cmr/m/n/12 Przykªadowo, Rys. [][]6.4[][] przed-sta-wia sy-tu-acj¦, w któ
-rej ukªad im-mu-no-lo-gicz-ny ze wzgl¦-
 []

<./rysunki/bez_lecz_sym2_progres.jpg, id=1049, 421.575pt x 313.9228pt>
File: ./rysunki/bez_lecz_sym2_progres.jpg Graphic file (type jpg)
<use ./rysunki/bez_lecz_sym2_progres.jpg>
Package pdftex.def Info: ./rysunki/bez_lecz_sym2_progres.jpg  used on input lin
e 701.
(pdftex.def)             Requested size: 330.76329pt x 246.30539pt.
[38 <./rysunki/bez_lecz_sym2_progres.jpg>]
Rozdzia\PlPrIeC {\l } 7.
[39

]
Overfull \hbox (1.17429pt too wide) in paragraph at lines 746--747
\OT4/cmr/m/n/12 Wpªyw zmian dªu-go-±ci cy-klu che-mio-te-ra-pii, tj. cza-su do-
zo-wa-nia cy-to-sta-ty-ka oraz przerw
 []


Underfull \hbox (badness 10000) in paragraph at lines 758--759

 []


LaTeX Warning: `!h' float specifier changed to `!ht'.

[40] [41]
<./rysunki/wykres_chemio_zmiany_liczby_dni_cyklu.jpg, id=1087, 418.56375pt x 31
2.41719pt>
File: ./rysunki/wykres_chemio_zmiany_liczby_dni_cyklu.jpg Graphic file (type jp
g)
<use ./rysunki/wykres_chemio_zmiany_liczby_dni_cyklu.jpg>
Package pdftex.def Info: ./rysunki/wykres_chemio_zmiany_liczby_dni_cyklu.jpg  u
sed on input line 796.
(pdftex.def)             Requested size: 198.45662pt x 148.12798pt.
<./rysunki/wykres_chemio_zmiany_liczby_dni_cyklu8.jpg, id=1088, 412.54124pt x 3
12.41719pt>
File: ./rysunki/wykres_chemio_zmiany_liczby_dni_cyklu8.jpg Graphic file (type j
pg)
<use ./rysunki/wykres_chemio_zmiany_liczby_dni_cyklu8.jpg>
Package pdftex.def Info: ./rysunki/wykres_chemio_zmiany_liczby_dni_cyklu8.jpg  
used on input line 799.
(pdftex.def)             Requested size: 198.45662pt x 150.29224pt.

Underfull \hbox (badness 1789) in paragraph at lines 799--799
 \OT4/cmr/m/n/10 sta-bi-li-za-cja licz-by ko-mó-rek no-wo-two-ro-wych 
 []

<./rysunki/stezenie_chemio_zmiany_liczby_dni_cyklu.jpg, id=1089, 363.60844pt x 
109.91063pt>
File: ./rysunki/stezenie_chemio_zmiany_liczby_dni_cyklu.jpg Graphic file (type 
jpg)
<use ./rysunki/stezenie_chemio_zmiany_liczby_dni_cyklu.jpg>
Package pdftex.def Info: ./rysunki/stezenie_chemio_zmiany_liczby_dni_cyklu.jpg 
 used on input line 802.
(pdftex.def)             Requested size: 198.45662pt x 59.9898pt.
<./rysunki/stezenie_chemio_zmiany_liczby_dni_cyklu8.jpg, id=1090, 358.33875pt x
 108.405pt>
File: ./rysunki/stezenie_chemio_zmiany_liczby_dni_cyklu8.jpg Graphic file (type
 jpg)
<use ./rysunki/stezenie_chemio_zmiany_liczby_dni_cyklu8.jpg>
Package pdftex.def Info: ./rysunki/stezenie_chemio_zmiany_liczby_dni_cyklu8.jpg
  used on input line 805.
(pdftex.def)             Requested size: 198.45662pt x 60.0381pt.
[42 <./rysunki/wykres_chemio_zmiany_liczby_dni_cyklu.jpg> <./rysunki/wykres_che
mio_zmiany_liczby_dni_cyklu8.jpg> <./rysunki/stezenie_chemio_zmiany_liczby_dni_
cyklu.jpg> <./rysunki/stezenie_chemio_zmiany_liczby_dni_cyklu8.jpg>] [43]
Underfull \hbox (badness 10000) in paragraph at lines 835--836

 []


LaTeX Warning: `!h' float specifier changed to `!ht'.

[44] [45]
Overfull \hbox (7.95816pt too wide) in paragraph at lines 882--883
[]\OT4/cmr/m/n/12 Symulacja za-kªa-da-ªa roz-po-cz¦-cie che-mio-te-ra-pii w pie
rw-szym dniu sy-mu-la-cji oraz dzie-
 []

<./rysunki/wykres_chemio_zmiany_dawki.jpg, id=1121, 417.05812pt x 316.18124pt>
File: ./rysunki/wykres_chemio_zmiany_dawki.jpg Graphic file (type jpg)
<use ./rysunki/wykres_chemio_zmiany_dawki.jpg>
Package pdftex.def Info: ./rysunki/wykres_chemio_zmiany_dawki.jpg  used on inpu
t line 889.
(pdftex.def)             Requested size: 220.50887pt x 167.17482pt.
<./rysunki/stezenie_chemio_zmiany_dawki.jpg, id=1122, 370.38374pt x 115.93312pt
>
File: ./rysunki/stezenie_chemio_zmiany_dawki.jpg Graphic file (type jpg)
<use ./rysunki/stezenie_chemio_zmiany_dawki.jpg>
Package pdftex.def Info: ./rysunki/stezenie_chemio_zmiany_dawki.jpg  used on in
put line 892.
(pdftex.def)             Requested size: 220.50887pt x 69.02086pt.
[46 <./rysunki/wykres_chemio_zmiany_dawki.jpg> <./rysunki/stezenie_chemio_zmian
y_dawki.jpg>]
Overfull \hbox (0.2623pt too wide) in paragraph at lines 898--899
\OT4/cmr/m/n/12 cy-to-sta-ty-ka $\OML/plm/m/it/12 V[]$\OT4/cmr/m/n/12 . Po-wy-»
ej pew-ne-go pro-gu ($\OMS/plsy/m/n/12  \OT4/cmr/m/n/12 10$ $[]$) zwi¦k-sza-ni
e daw-ki nie ma wpªy-
 []

<./rysunki/dzien_regr_w_zaleznosci_od_dawki.jpg, id=1129, 392.96812pt x 292.844
06pt>
File: ./rysunki/dzien_regr_w_zaleznosci_od_dawki.jpg Graphic file (type jpg)
<use ./rysunki/dzien_regr_w_zaleznosci_od_dawki.jpg>
Package pdftex.def Info: ./rysunki/dzien_regr_w_zaleznosci_od_dawki.jpg  used o
n input line 902.
(pdftex.def)             Requested size: 286.65883pt x 213.63585pt.

Underfull \hbox (badness 10000) in paragraph at lines 906--907

 []

<./rysunki/slupki_7.3.jpg, id=1131, 456.20438pt x 316.93407pt>
File: ./rysunki/slupki_7.3.jpg Graphic file (type jpg)
<use ./rysunki/slupki_7.3.jpg>
Package pdftex.def Info: ./rysunki/slupki_7.3.jpg  used on input line 910.
(pdftex.def)             Requested size: 352.81552pt x 245.11357pt.
[47 <./rysunki/dzien_regr_w_zaleznosci_od_dawki.jpg> <./rysunki/slupki_7.3.jpg>
] [48]
LaTeX Font Info:    External font `plex10' loaded for size
(Font)              <17.28> on input line 925.


Package hyperref Warning: Token not allowed in a PDF string (PDFDocEncoding):
(hyperref)                removing `math shift' on input line 925.


Package hyperref Warning: Token not allowed in a PDF string (PDFDocEncoding):
(hyperref)                removing `subscript' on input line 925.


Package hyperref Warning: Token not allowed in a PDF string (PDFDocEncoding):
(hyperref)                removing `math shift' on input line 925.


Underfull \hbox (badness 10000) in paragraph at lines 938--939

 []


LaTeX Warning: `!h' float specifier changed to `!ht'.

[49]
Overfull \hbox (0.22154pt too wide) in paragraph at lines 961--962
\OT4/cmr/m/n/12 zmniej-sza-nej w ko-lej-nych po-wtó-rze-niach o $0\OML/plm/m/it
/12 ; \OT4/cmr/m/n/12 4$ $[]$ (Rys. [][]7.5a[][]) oraz o $0\OML/plm/m/it/12 ; \
OT4/cmr/m/n/12 5$ (Rys. [][]7.5b[][]),
 []

[50]
<./rysunki/wykres_chemio_zmiany_dawki_w_kolejnych_powtorzeniach4.jpg, id=1166, 
420.82219pt x 314.67563pt>
File: ./rysunki/wykres_chemio_zmiany_dawki_w_kolejnych_powtorzeniach4.jpg Graph
ic file (type jpg)
<use ./rysunki/wykres_chemio_zmiany_dawki_w_kolejnych_powtorzeniach4.jpg>
Package pdftex.def Info: ./rysunki/wykres_chemio_zmiany_dawki_w_kolejnych_powto
rzeniach4.jpg  used on input line 971.
(pdftex.def)             Requested size: 198.45662pt x 148.40172pt.
<./rysunki/wykres_chemio_zmiany_dawki_w_kolejnych_powtorzeniach5.jpg, id=1167, 
438.8897pt x 313.9228pt>
File: ./rysunki/wykres_chemio_zmiany_dawki_w_kolejnych_powtorzeniach5.jpg Graph
ic file (type jpg)
<use ./rysunki/wykres_chemio_zmiany_dawki_w_kolejnych_powtorzeniach5.jpg>
Package pdftex.def Info: ./rysunki/wykres_chemio_zmiany_dawki_w_kolejnych_powto
rzeniach5.jpg  used on input line 974.
(pdftex.def)             Requested size: 198.45662pt x 141.94893pt.
<./rysunki/stezenie_chemio_zmiany_dawki_w_kolejnych_powtorzeniach4.jpg, id=1168
, 367.3725pt x 112.92188pt>
File: ./rysunki/stezenie_chemio_zmiany_dawki_w_kolejnych_powtorzeniach4.jpg Gra
phic file (type jpg)
<use ./rysunki/stezenie_chemio_zmiany_dawki_w_kolejnych_powtorzeniach4.jpg>
Package pdftex.def Info: ./rysunki/stezenie_chemio_zmiany_dawki_w_kolejnych_pow
torzeniach4.jpg  used on input line 977.
(pdftex.def)             Requested size: 198.45662pt x 61.00273pt.

Underfull \hbox (badness 1810) in paragraph at lines 977--977
 \OT4/cmr/m/n/10 w ko-lej-nych po-wtó-rze-niach o $0\OML/plm/m/it/10 ; \OT4/cmr
/m/n/10 4$ $[]$.| 
 []

<./rysunki/stezenie_chemio_zmiany_dawki_w_kolejnych_powtorzeniach5.jpg, id=1169
, 363.60844pt x 111.41624pt>
File: ./rysunki/stezenie_chemio_zmiany_dawki_w_kolejnych_powtorzeniach5.jpg Gra
phic file (type jpg)
<use ./rysunki/stezenie_chemio_zmiany_dawki_w_kolejnych_powtorzeniach5.jpg>
Package pdftex.def Info: ./rysunki/stezenie_chemio_zmiany_dawki_w_kolejnych_pow
torzeniach5.jpg  used on input line 980.
(pdftex.def)             Requested size: 198.45662pt x 60.8116pt.

Underfull \hbox (badness 1810) in paragraph at lines 980--980
 \OT4/cmr/m/n/10 w ko-lej-nych po-wtó-rze-niach o $0\OML/plm/m/it/10 ; \OT4/cmr
/m/n/10 5$ $[]$.| 
 []

[51 <./rysunki/wykres_chemio_zmiany_dawki_w_kolejnych_powtorzeniach4.jpg> <./ry
sunki/wykres_chemio_zmiany_dawki_w_kolejnych_powtorzeniach5.jpg> <./rysunki/ste
zenie_chemio_zmiany_dawki_w_kolejnych_powtorzeniach4.jpg> <./rysunki/stezenie_c
hemio_zmiany_dawki_w_kolejnych_powtorzeniach5.jpg>]
Overfull \hbox (4.10681pt too wide) in paragraph at lines 988--989
[]\OT4/cmr/m/n/12 chemioterapia jest sku-tecz-na (wy-st¦-pu-je re-gre-sja no-wo
-two-ru) w przy-pad-ku zmniej-
 []

[52]
Underfull \hbox (badness 10000) in paragraph at lines 1007--1008

 []

[53] [54]
<./rysunki/wykres_chemio_zmiany_liczby_powtorzen4.jpg, id=1199, 434.37282pt x 3
13.9228pt>
File: ./rysunki/wykres_chemio_zmiany_liczby_powtorzen4.jpg Graphic file (type j
pg)
<use ./rysunki/wykres_chemio_zmiany_liczby_powtorzen4.jpg>
Package pdftex.def Info: ./rysunki/wykres_chemio_zmiany_liczby_powtorzen4.jpg  
used on input line 1063.
(pdftex.def)             Requested size: 220.50887pt x 159.36562pt.
<./rysunki/stezenie_chemio_zmiany_liczby_powtorzen4.jpg, id=1200, 358.33875pt x
 104.64093pt>
File: ./rysunki/stezenie_chemio_zmiany_liczby_powtorzen4.jpg Graphic file (type
 jpg)
<use ./rysunki/stezenie_chemio_zmiany_liczby_powtorzen4.jpg>
Package pdftex.def Info: ./rysunki/stezenie_chemio_zmiany_liczby_powtorzen4.jpg
  used on input line 1066.
(pdftex.def)             Requested size: 220.50887pt x 64.39288pt.
 [55 <./rysunki/wykres_chemio_zmiany_liczby_powtorzen4.jpg> <./rysunki/stezenie
_chemio_zmiany_liczby_powtorzen4.jpg>]
Overfull \hbox (2.548pt too wide) in paragraph at lines 1075--1076
[]\OT4/cmr/m/n/12 chemioterapia przy u»y-ciu daw-ki $\OML/plm/m/it/12 V[] \OT4/
cmr/m/n/12 = 3$ $[]$, któ-ra nie jest sku-tecz-na dla 9 po-
 []

[56]
Underfull \hbox (badness 10000) in paragraph at lines 1094--1095

 []


Overfull \hbox (3.66557pt too wide) in paragraph at lines 1096--1097
\OT4/cmr/m/n/12 prze-pro-wa-dzo-no dla daw-ki do-zo-wa-ne-go cy-to-sta-ty-ka $\
OML/plm/m/it/12 V[]$ \OT4/cmr/m/n/12 rów-nej 5 $[]$ oraz 4,5 $[]$. 
 []

[57] [58]
<./rysunki/wykres_zmiany_dnia_rozpoczecia_cehmioterapii13.jpg, id=1233, 424.586
24pt x 313.9228pt>
File: ./rysunki/wykres_zmiany_dnia_rozpoczecia_cehmioterapii13.jpg Graphic file
 (type jpg)
<use ./rysunki/wykres_zmiany_dnia_rozpoczecia_cehmioterapii13.jpg>
Package pdftex.def Info: ./rysunki/wykres_zmiany_dnia_rozpoczecia_cehmioterapii
13.jpg  used on input line 1138.
(pdftex.def)             Requested size: 220.50887pt x 163.03482pt.
<./rysunki/stezenie_zmiany_dnia_rozpoczecia_cehmioterapii13.jpg, id=1234, 362.1
0281pt x 100.87688pt>
File: ./rysunki/stezenie_zmiany_dnia_rozpoczecia_cehmioterapii13.jpg Graphic fi
le (type jpg)
<use ./rysunki/stezenie_zmiany_dnia_rozpoczecia_cehmioterapii13.jpg>
Package pdftex.def Info: ./rysunki/stezenie_zmiany_dnia_rozpoczecia_cehmioterap
ii13.jpg  used on input line 1141.
(pdftex.def)             Requested size: 220.50887pt x 61.43166pt.
 [59 <./rysunki/wykres_zmiany_dnia_rozpoczecia_cehmioterapii13.jpg> <./rysunki/
stezenie_zmiany_dnia_rozpoczecia_cehmioterapii13.jpg>]
<./rysunki/slupki_7.5.jpg, id=1240, 443.40656pt x 311.66437pt>
File: ./rysunki/slupki_7.5.jpg Graphic file (type jpg)
<use ./rysunki/slupki_7.5.jpg>
Package pdftex.def Info: ./rysunki/slupki_7.5.jpg  used on input line 1151.
(pdftex.def)             Requested size: 352.81552pt x 248.005pt.
 [60 <./rysunki/slupki_7.5.jpg>]
Rozdzia\PlPrIeC {\l } 8.
[61

]
Underfull \hbox (badness 10000) in paragraph at lines 1209--1210

 []


LaTeX Warning: `!h' float specifier changed to `!ht'.

[62]
<./rysunki/wykres_immuno_zmiany_wielkosci_guza1e6.jpg, id=1265, 418.56375pt x 3
13.17pt>
File: ./rysunki/wykres_immuno_zmiany_wielkosci_guza1e6.jpg Graphic file (type j
pg)
<use ./rysunki/wykres_immuno_zmiany_wielkosci_guza1e6.jpg>
Package pdftex.def Info: ./rysunki/wykres_immuno_zmiany_wielkosci_guza1e6.jpg  
used on input line 1243.
(pdftex.def)             Requested size: 198.45662pt x 148.48491pt.
<./rysunki/wykres_immuno_zmiany_wielkosci_guza18e7.jpg, id=1266, 418.56375pt x 
315.42844pt>
File: ./rysunki/wykres_immuno_zmiany_wielkosci_guza18e7.jpg Graphic file (type 
jpg)
<use ./rysunki/wykres_immuno_zmiany_wielkosci_guza18e7.jpg>
Package pdftex.def Info: ./rysunki/wykres_immuno_zmiany_wielkosci_guza18e7.jpg 
 used on input line 1246.
(pdftex.def)             Requested size: 198.45662pt x 149.55571pt.
<./rysunki/stezenie_immuno_zmiany_wielkosci_guza1e6.jpg, id=1267, 362.10281pt x
 96.36pt>
File: ./rysunki/stezenie_immuno_zmiany_wielkosci_guza1e6.jpg Graphic file (type
 jpg)
<use ./rysunki/stezenie_immuno_zmiany_wielkosci_guza1e6.jpg>
Package pdftex.def Info: ./rysunki/stezenie_immuno_zmiany_wielkosci_guza1e6.jpg
  used on input line 1249.
(pdftex.def)             Requested size: 198.45662pt x 52.81288pt.
<./rysunki/pustkja.jpg, id=1268, 315.42844pt x 100.12407pt>
File: ./rysunki/pustkja.jpg Graphic file (type jpg)
<use ./rysunki/pustkja.jpg>
Package pdftex.def Info: ./rysunki/pustkja.jpg  used on input line 1252.
(pdftex.def)             Requested size: 198.45662pt x 62.99446pt.


LaTeX Warning: `!h' float specifier changed to `!ht'.

[63]
Overfull \hbox (0.9435pt too wide) in paragraph at lines 1264--1265
\OT4/cmr/m/n/12 two-ro-wych, jed-nak tyl-ko w przy-pad-ku gu-za o nie-wiel-kim 
roz-mia-rze lub wte-dy, gdy ukªad
 []

[64 <./rysunki/wykres_immuno_zmiany_wielkosci_guza1e6.jpg> <./rysunki/wykres_im
muno_zmiany_wielkosci_guza18e7.jpg> <./rysunki/stezenie_immuno_zmiany_wielkosci
_guza1e6.jpg> <./rysunki/pustkja.jpg>] [65]

Package hyperref Warning: Token not allowed in a PDF string (PDFDocEncoding):
(hyperref)                removing `math shift' on input line 1267.


Package hyperref Warning: Token not allowed in a PDF string (PDFDocEncoding):
(hyperref)                removing `subscript' on input line 1267.


Package hyperref Warning: Token not allowed in a PDF string (PDFDocEncoding):
(hyperref)                removing `math shift' on input line 1267.


Underfull \hbox (badness 10000) in paragraph at lines 1280--1281

 []

[66] [67]
<./rysunki/wykres_zmiany_dawki_IL2_przy_TIL.jpg, id=1309, 423.83344pt x 314.675
63pt>
File: ./rysunki/wykres_zmiany_dawki_IL2_przy_TIL.jpg Graphic file (type jpg)
<use ./rysunki/wykres_zmiany_dawki_IL2_przy_TIL.jpg>
Package pdftex.def Info: ./rysunki/wykres_zmiany_dawki_IL2_przy_TIL.jpg  used o
n input line 1326.
(pdftex.def)             Requested size: 220.50887pt x 163.71869pt.
<./rysunki/stezenie_zmiany_dawki_IL2_przy_TIL.jpg, id=1310, 366.61969pt x 94.10
156pt>
File: ./rysunki/stezenie_zmiany_dawki_IL2_przy_TIL.jpg Graphic file (type jpg)
<use ./rysunki/stezenie_zmiany_dawki_IL2_przy_TIL.jpg>
Package pdftex.def Info: ./rysunki/stezenie_zmiany_dawki_IL2_przy_TIL.jpg  used
 on input line 1329.
(pdftex.def)             Requested size: 220.50887pt x 56.5992pt.
 [68 <./rysunki/wykres_zmiany_dawki_IL2_przy_TIL.jpg> <./rysunki/stezenie_zmian
y_dawki_IL2_przy_TIL.jpg>]
<./rysunki/slupki_8.3.jpg, id=1316, 531.48563pt x 325.96782pt>
File: ./rysunki/slupki_8.3.jpg Graphic file (type jpg)
<use ./rysunki/slupki_8.3.jpg>
Package pdftex.def Info: ./rysunki/slupki_8.3.jpg  used on input line 1339.
(pdftex.def)             Requested size: 352.81552pt x 216.39282pt.
 [69 <./rysunki/slupki_8.3.jpg>]

Package hyperref Warning: Token not allowed in a PDF string (PDFDocEncoding):
(hyperref)                removing `math shift' on input line 1354.


Package hyperref Warning: Token not allowed in a PDF string (PDFDocEncoding):
(hyperref)                removing `subscript' on input line 1354.


Package hyperref Warning: Token not allowed in a PDF string (PDFDocEncoding):
(hyperref)                removing `math shift' on input line 1354.


Underfull \hbox (badness 10000) in paragraph at lines 1367--1368

 []

[70] [71]
<./rysunki/wykres_zmiany_dawki_TIL_przy_IL2.jpg, id=1344, 419.31656pt x 313.17p
t>
File: ./rysunki/wykres_zmiany_dawki_TIL_przy_IL2.jpg Graphic file (type jpg)
<use ./rysunki/wykres_zmiany_dawki_TIL_przy_IL2.jpg>
Package pdftex.def Info: ./rysunki/wykres_zmiany_dawki_TIL_przy_IL2.jpg  used o
n input line 1408.
(pdftex.def)             Requested size: 220.50887pt x 164.68907pt.
<./rysunki/stezenie_zmiany_dawki_TIL_przy_IL2.jpg, id=1345, 362.10281pt x 95.60
72pt>
File: ./rysunki/stezenie_zmiany_dawki_TIL_przy_IL2.jpg Graphic file (type jpg)
<use ./rysunki/stezenie_zmiany_dawki_TIL_przy_IL2.jpg>
Package pdftex.def Info: ./rysunki/stezenie_zmiany_dawki_TIL_przy_IL2.jpg  used
 on input line 1411.
(pdftex.def)             Requested size: 220.50887pt x 58.22255pt.
 [72 <./rysunki/wykres_zmiany_dawki_TIL_przy_IL2.jpg> <./rysunki/stezenie_zmian
y_dawki_TIL_przy_IL2.jpg>] [73]
Underfull \hbox (badness 10000) in paragraph at lines 1440--1441

 []


LaTeX Warning: `!h' float specifier changed to `!ht'.

[74] [75]
<./rysunki/wykres_zmiany_liczby_powtorzen_IL2.jpg, id=1375, 420.82219pt x 314.6
7563pt>
File: ./rysunki/wykres_zmiany_liczby_powtorzen_IL2.jpg Graphic file (type jpg)
<use ./rysunki/wykres_zmiany_liczby_powtorzen_IL2.jpg>
Package pdftex.def Info: ./rysunki/wykres_zmiany_liczby_powtorzen_IL2.jpg  used
 on input line 1477.
(pdftex.def)             Requested size: 220.50887pt x 164.89027pt.
<./rysunki/stezenie_zmiany_liczby_powtorzen_IL2.jpg, id=1376, 356.83313pt x 93.
34875pt>
File: ./rysunki/stezenie_zmiany_liczby_powtorzen_IL2.jpg Graphic file (type jpg
)
<use ./rysunki/stezenie_zmiany_liczby_powtorzen_IL2.jpg>
Package pdftex.def Info: ./rysunki/stezenie_zmiany_liczby_powtorzen_IL2.jpg  us
ed on input line 1480.
(pdftex.def)             Requested size: 220.50887pt x 57.68617pt.
 [76 <./rysunki/wykres_zmiany_liczby_powtorzen_IL2.jpg> <./rysunki/stezenie_zmi
any_liczby_powtorzen_IL2.jpg>] [77]
Underfull \hbox (badness 10000) in paragraph at lines 1507--1508

 []


LaTeX Warning: `!h' float specifier changed to `!ht'.

[78] [79]
<./rysunki/wykres_zmiany_dnia_rozpoczecia_immunoterapii_IL2.jpg, id=1411, 418.5
6375pt x 314.67563pt>
File: ./rysunki/wykres_zmiany_dnia_rozpoczecia_immunoterapii_IL2.jpg Graphic fi
le (type jpg)
<use ./rysunki/wykres_zmiany_dnia_rozpoczecia_immunoterapii_IL2.jpg>
Package pdftex.def Info: ./rysunki/wykres_zmiany_dnia_rozpoczecia_immunoterapii
_IL2.jpg  used on input line 1550.
(pdftex.def)             Requested size: 220.50887pt x 165.77376pt.
<./rysunki/stezenie_zmiany_dnia_rozpoczecia_immunoterapii_IL2.jpg, id=1412, 365
.86688pt x 98.61844pt>
File: ./rysunki/stezenie_zmiany_dnia_rozpoczecia_immunoterapii_IL2.jpg Graphic 
file (type jpg)
<use ./rysunki/stezenie_zmiany_dnia_rozpoczecia_immunoterapii_IL2.jpg>
Package pdftex.def Info: ./rysunki/stezenie_zmiany_dnia_rozpoczecia_immunoterap
ii_IL2.jpg  used on input line 1553.
(pdftex.def)             Requested size: 220.50887pt x 59.43785pt.
 [80 <./rysunki/wykres_zmiany_dnia_rozpoczecia_immunoterapii_IL2.jpg> <./rysunk
i/stezenie_zmiany_dnia_rozpoczecia_immunoterapii_IL2.jpg>] [81]
Rozdzia\PlPrIeC {\l } 9.
[82

]
<./rysunki/wykres_skojarzone.jpg, id=1437, 422.32782pt x 315.42844pt>
File: ./rysunki/wykres_skojarzone.jpg Graphic file (type jpg)
<use ./rysunki/wykres_skojarzone.jpg>
Package pdftex.def Info: ./rysunki/wykres_skojarzone.jpg  used on input line 15
88.
(pdftex.def)             Requested size: 198.45662pt x 148.22731pt.
<./rysunki/stezenie_skojarzone.jpg, id=1442, 360.59718pt x 194.97844pt>
File: ./rysunki/stezenie_skojarzone.jpg Graphic file (type jpg)
<use ./rysunki/stezenie_skojarzone.jpg>
Package pdftex.def Info: ./rysunki/stezenie_skojarzone.jpg  used on input line 
1591.
(pdftex.def)             Requested size: 198.45662pt x 107.30688pt.
 [83 <./rysunki/wykres_skojarzone.jpg> <./rysunki/stezenie_skojarzone.jpg>] [84
]
<./rysunki/wykres_skojarzone200.jpg, id=1469, 420.06938pt x 316.18124pt>
File: ./rysunki/wykres_skojarzone200.jpg Graphic file (type jpg)
<use ./rysunki/wykres_skojarzone200.jpg>
Package pdftex.def Info: ./rysunki/wykres_skojarzone200.jpg  used on input line
 1648.
(pdftex.def)             Requested size: 198.45662pt x 149.37712pt.
<./rysunki/stezenie_skojarzone200.jpg, id=1470, 357.58594pt x 197.98969pt>
File: ./rysunki/stezenie_skojarzone200.jpg Graphic file (type jpg)
<use ./rysunki/stezenie_skojarzone200.jpg>
Package pdftex.def Info: ./rysunki/stezenie_skojarzone200.jpg  used on input li
ne 1651.
(pdftex.def)             Requested size: 198.45662pt x 109.88255pt.


LaTeX Warning: `!h' float specifier changed to `!ht'.

[85]
<./rysunki/slupki_9.1.jpg, id=1478, 429.85594pt x 287.57437pt>
File: ./rysunki/slupki_9.1.jpg Graphic file (type jpg)
<use ./rysunki/slupki_9.1.jpg>
Package pdftex.def Info: ./rysunki/slupki_9.1.jpg  used on input line 1661.
(pdftex.def)             Requested size: 352.81552pt x 236.0363pt.
 [86 <./rysunki/wykres_skojarzone200.jpg> <./rysunki/stezenie_skojarzone200.jpg
> <./rysunki/slupki_9.1.jpg>] [87] [88]
Overfull \hbox (7.41266pt too wide) in paragraph at lines 1725--1726
[]\OT4/cmr/m/n/12 Warunki po-cz¡t-ko-we im-mu-no-te-ra-pii przed-sta-wia Tab. [
][]8.1[][]. Daw-k¦ cy-to-sta-ty-ka zmniej-
 []

<./rysunki/wykres_skojarzone_dawka1_75.jpg, id=1500, 420.06938pt x 316.93407pt>

File: ./rysunki/wykres_skojarzone_dawka1_75.jpg Graphic file (type jpg)
<use ./rysunki/wykres_skojarzone_dawka1_75.jpg>
Package pdftex.def Info: ./rysunki/wykres_skojarzone_dawka1_75.jpg  used on inp
ut line 1730.
(pdftex.def)             Requested size: 198.45662pt x 149.73279pt.
<./rysunki/stezenie_skojarzone_dawka1_75.jpg, id=1501, 367.3725pt x 199.49532pt
>
File: ./rysunki/stezenie_skojarzone_dawka1_75.jpg Graphic file (type jpg)
<use ./rysunki/stezenie_skojarzone_dawka1_75.jpg>
Package pdftex.def Info: ./rysunki/stezenie_skojarzone_dawka1_75.jpg  used on i
nput line 1733.
(pdftex.def)             Requested size: 198.45662pt x 107.77151pt.
[89 <./rysunki/wykres_skojarzone_dawka1_75.jpg> <./rysunki/stezenie_skojarzone_
dawka1_75.jpg>]
<./rysunki/slupki_9.2.jpg, id=1509, 447.92343pt x 284.56313pt>
File: ./rysunki/slupki_9.2.jpg Graphic file (type jpg)
<use ./rysunki/slupki_9.2.jpg>
Package pdftex.def Info: ./rysunki/slupki_9.2.jpg  used on input line 1743.
(pdftex.def)             Requested size: 352.81552pt x 224.14674pt.
 [90 <./rysunki/slupki_9.2.jpg>] [91]
<./rysunki/wykres_skojarzone_l_powt1.jpg, id=1529, 425.33907pt x 312.41719pt>
File: ./rysunki/wykres_skojarzone_l_powt1.jpg Graphic file (type jpg)
<use ./rysunki/wykres_skojarzone_l_powt1.jpg>
Package pdftex.def Info: ./rysunki/wykres_skojarzone_l_powt1.jpg  used on input
 line 1788.
(pdftex.def)             Requested size: 198.45662pt x 145.76826pt.
<./rysunki/stezenie_skojarzone_l_powt1.jpg, id=1530, 364.36125pt x 201.00093pt>

File: ./rysunki/stezenie_skojarzone_l_powt1.jpg Graphic file (type jpg)
<use ./rysunki/stezenie_skojarzone_l_powt1.jpg>
Package pdftex.def Info: ./rysunki/stezenie_skojarzone_l_powt1.jpg  used on inp
ut line 1791.
(pdftex.def)             Requested size: 198.45662pt x 109.47739pt.
 [92 <./rysunki/wykres_skojarzone_l_powt1.jpg> <./rysunki/stezenie_skojarzone_l
_powt1.jpg>]
<./rysunki/slupki_9.3.jpg, id=1536, 408.77719pt x 293.59688pt>
File: ./rysunki/slupki_9.3.jpg Graphic file (type jpg)
<use ./rysunki/slupki_9.3.jpg>
Package pdftex.def Info: ./rysunki/slupki_9.3.jpg  used on input line 1801.
(pdftex.def)             Requested size: 352.81552pt x 253.41573pt.
 [93 <./rysunki/slupki_9.3.jpg>]
Overfull \hbox (1.21468pt too wide) in paragraph at lines 1816--1817
[]\OT4/cmr/m/n/12 Analiz¦ prze-pro-wa-dzo-no dla 8-dniowego cy-klu, daw-ki cy-t
o-sta-ty-ka $\OML/plm/m/it/12 V[] \OT4/cmr/m/n/12 = 1\OML/plm/m/it/12 ; \OT4/cm
r/m/n/12 75$ $[]$
 []

[94]
<./rysunki/wykres_skojarzone_l_powt1_drozp2.jpg, id=1556, 417.81094pt x 312.417
19pt>
File: ./rysunki/wykres_skojarzone_l_powt1_drozp2.jpg Graphic file (type jpg)
<use ./rysunki/wykres_skojarzone_l_powt1_drozp2.jpg>
Package pdftex.def Info: ./rysunki/wykres_skojarzone_l_powt1_drozp2.jpg  used o
n input line 1842.
(pdftex.def)             Requested size: 198.45662pt x 148.39969pt.
<./rysunki/stezenie_skojarzone_l_powt1_drozp2.jpg, id=1557, 368.1253pt x 191.21
437pt>
File: ./rysunki/stezenie_skojarzone_l_powt1_drozp2.jpg Graphic file (type jpg)
<use ./rysunki/stezenie_skojarzone_l_powt1_drozp2.jpg>
Package pdftex.def Info: ./rysunki/stezenie_skojarzone_l_powt1_drozp2.jpg  used
 on input line 1845.
(pdftex.def)             Requested size: 198.45662pt x 103.0879pt.
 [95 <./rysunki/wykres_skojarzone_l_powt1_drozp2.jpg> <./rysunki/stezenie_skoja
rzone_l_powt1_drozp2.jpg>] [96] [97] [98]
<./rysunki/beztil.jpg, id=1595, 432.86719pt x 382.42876pt>
File: ./rysunki/beztil.jpg Graphic file (type jpg)
<use ./rysunki/beztil.jpg>
Package pdftex.def Info: ./rysunki/beztil.jpg  used on input line 1929.
(pdftex.def)             Requested size: 198.45662pt x 175.32997pt.
<./rysunki/stezeniebeztil.jpg, id=1596, 388.45125pt x 213.79875pt>
File: ./rysunki/stezeniebeztil.jpg Graphic file (type jpg)
<use ./rysunki/stezeniebeztil.jpg>
Package pdftex.def Info: ./rysunki/stezeniebeztil.jpg  used on input line 1932.

(pdftex.def)             Requested size: 198.45662pt x 109.23164pt.
<./rysunki/wykres_zmiana_immuno_stale_chemio_dawka_IL2_z_TIL2e6.jpg, id=1597, 4
19.31656pt x 313.9228pt>
File: ./rysunki/wykres_zmiana_immuno_stale_chemio_dawka_IL2_z_TIL2e6.jpg Graphi
c file (type jpg)
<use ./rysunki/wykres_zmiana_immuno_stale_chemio_dawka_IL2_z_TIL2e6.jpg>
Package pdftex.def Info: ./rysunki/wykres_zmiana_immuno_stale_chemio_dawka_IL2_
z_TIL2e6.jpg  used on input line 1935.
(pdftex.def)             Requested size: 198.45662pt x 148.5736pt.
<./rysunki/stezenie_zmiana_immuno_stale_chemio_dawka_IL2_z_TIL2e6.jpg, id=1598,
 367.3725pt x 197.98969pt>
File: ./rysunki/stezenie_zmiana_immuno_stale_chemio_dawka_IL2_z_TIL2e6.jpg Grap
hic file (type jpg)
<use ./rysunki/stezenie_zmiana_immuno_stale_chemio_dawka_IL2_z_TIL2e6.jpg>
Package pdftex.def Info: ./rysunki/stezenie_zmiana_immuno_stale_chemio_dawka_IL
2_z_TIL2e6.jpg  used on input line 1938.
(pdftex.def)             Requested size: 198.45662pt x 106.95815pt.
 [99 <./rysunki/beztil.jpg> <./rysunki/stezeniebeztil.jpg> <./rysunki/wykres_zm
iana_immuno_stale_chemio_dawka_IL2_z_TIL2e6.jpg> <./rysunki/stezenie_zmiana_imm
uno_stale_chemio_dawka_IL2_z_TIL2e6.jpg>]
<./rysunki/slupki_9.6.jpg, id=1604, 454.69875pt x 289.83281pt>
File: ./rysunki/slupki_9.6.jpg Graphic file (type jpg)
<use ./rysunki/slupki_9.6.jpg>
Package pdftex.def Info: ./rysunki/slupki_9.6.jpg  used on input line 1948.
(pdftex.def)             Requested size: 352.81552pt x 224.89229pt.
 [100 <./rysunki/slupki_9.6.jpg>] [101]
<./rysunki/wykres_zmiana_immuno_stale_chemio_powtorzenia_IL2_bez_TIL.jpg, id=16
28, 416.30531pt x 315.42844pt>
File: ./rysunki/wykres_zmiana_immuno_stale_chemio_powtorzenia_IL2_bez_TIL.jpg G
raphic file (type jpg)
<use ./rysunki/wykres_zmiana_immuno_stale_chemio_powtorzenia_IL2_bez_TIL.jpg>
Package pdftex.def Info: ./rysunki/wykres_zmiana_immuno_stale_chemio_powtorzeni
a_IL2_bez_TIL.jpg  used on input line 1993.
(pdftex.def)             Requested size: 198.45662pt x 150.36911pt.
<./rysunki/stezenie_zmiana_immuno_stale_chemio_powtorzenia_IL2_bez_TIL.jpg, id=
1629, 368.87813pt x 195.73125pt>
File: ./rysunki/stezenie_zmiana_immuno_stale_chemio_powtorzenia_IL2_bez_TIL.jpg
 Graphic file (type jpg)
<use ./rysunki/stezenie_zmiana_immuno_stale_chemio_powtorzenia_IL2_bez_TIL.jpg>

Package pdftex.def Info: ./rysunki/stezenie_zmiana_immuno_stale_chemio_powtorze
nia_IL2_bez_TIL.jpg  used on input line 1996.
(pdftex.def)             Requested size: 198.45662pt x 105.30205pt.

Overfull \hbox (6.31506pt too wide) in paragraph at lines 2003--2004
\OT4/cmr/m/n/12 wy-ko-rzy-sta-nia TIL jest za-le»-na od licz-by po-wtó-rze« cy-
klu IL-2; ko-niecz-ne s¡ co naj-
 []

[102 <./rysunki/wykres_zmiana_immuno_stale_chemio_powtorzenia_IL2_bez_TIL.jpg> 
<./rysunki/stezenie_zmiana_immuno_stale_chemio_powtorzenia_IL2_bez_TIL.jpg>]
[103]
Underfull \hbox (badness 10000) in paragraph at lines 2036--2037

 []

<./rysunki/wykres_immuno_stale_chemio_dzien_rozpoczecia_IL2_bez_TIL.jpg, id=164
7, 419.31656pt x 313.9228pt>
File: ./rysunki/wykres_immuno_stale_chemio_dzien_rozpoczecia_IL2_bez_TIL.jpg Gr
aphic file (type jpg)
<use ./rysunki/wykres_immuno_stale_chemio_dzien_rozpoczecia_IL2_bez_TIL.jpg>
Package pdftex.def Info: ./rysunki/wykres_immuno_stale_chemio_dzien_rozpoczecia
_IL2_bez_TIL.jpg  used on input line 2041.
(pdftex.def)             Requested size: 198.45662pt x 148.5736pt.
<./rysunki/stezenie_immuno_stale_chemio_dzien_rozpoczecia_IL2_bez_TIL.jpg, id=1
648, 364.36125pt x 201.75375pt>
File: ./rysunki/stezenie_immuno_stale_chemio_dzien_rozpoczecia_IL2_bez_TIL.jpg 
Graphic file (type jpg)
<use ./rysunki/stezenie_immuno_stale_chemio_dzien_rozpoczecia_IL2_bez_TIL.jpg>
Package pdftex.def Info: ./rysunki/stezenie_immuno_stale_chemio_dzien_rozpoczec
ia_IL2_bez_TIL.jpg  used on input line 2044.
(pdftex.def)             Requested size: 198.45662pt x 109.88742pt.
[104 <./rysunki/wykres_immuno_stale_chemio_dzien_rozpoczecia_IL2_bez_TIL.jpg> <
./rysunki/stezenie_immuno_stale_chemio_dzien_rozpoczecia_IL2_bez_TIL.jpg>]
<./rysunki/slupki_9.8.jpg, id=1654, 459.21562pt x 319.1925pt>
File: ./rysunki/slupki_9.8.jpg Graphic file (type jpg)
<use ./rysunki/slupki_9.8.jpg>
Package pdftex.def Info: ./rysunki/slupki_9.8.jpg  used on input line 2054.
(pdftex.def)             Requested size: 352.81552pt x 245.2481pt.

[105 <./rysunki/slupki_9.8.jpg>]

Package hyperref Warning: Token not allowed in a PDF string (PDFDocEncoding):
(hyperref)                removing `math shift' on input line 2067.


Package hyperref Warning: Token not allowed in a PDF string (PDFDocEncoding):
(hyperref)                removing `subscript' on input line 2067.


Package hyperref Warning: Token not allowed in a PDF string (PDFDocEncoding):
(hyperref)                removing `math shift' on input line 2067.


Package hyperref Warning: Token not allowed in a PDF string (PDFDocEncoding):
(hyperref)                removing `math shift' on input line 2067.


Package hyperref Warning: Token not allowed in a PDF string (PDFDocEncoding):
(hyperref)                removing `subscript' on input line 2067.


Package hyperref Warning: Token not allowed in a PDF string (PDFDocEncoding):
(hyperref)                removing `math shift' on input line 2067.


Underfull \hbox (badness 10000) in paragraph at lines 2095--2096

 []

[106]
Overfull \hbox (0.92175pt too wide) in paragraph at lines 2123--2124
[]\OT4/cmr/m/n/12 Pozostaªe wa-run-ki po-cz¡t-ko-we im-mu-no-te-ra-pii przed-st
a-wia Tab. [][]8.1[][]. Sy-mu-la-cja obej-
 []


Underfull \hbox (badness 10000) in paragraph at lines 2123--2124

 []

<./rysunki/wykres_zmiana_immuno_okreslone_chemio.jpg, id=1680, 419.31656pt x 31
3.9228pt>
File: ./rysunki/wykres_zmiana_immuno_okreslone_chemio.jpg Graphic file (type jp
g)
<use ./rysunki/wykres_zmiana_immuno_okreslone_chemio.jpg>
Package pdftex.def Info: ./rysunki/wykres_zmiana_immuno_okreslone_chemio.jpg  u
sed on input line 2131.
(pdftex.def)             Requested size: 198.45662pt x 148.5736pt.
<./rysunki/stezenie_zmiana_immuno_okreslone_chemio.jpg, id=1681, 371.13657pt x 
201.75375pt>
File: ./rysunki/stezenie_zmiana_immuno_okreslone_chemio.jpg Graphic file (type 
jpg)
<use ./rysunki/stezenie_zmiana_immuno_okreslone_chemio.jpg>
Package pdftex.def Info: ./rysunki/stezenie_zmiana_immuno_okreslone_chemio.jpg 
 used on input line 2134.
(pdftex.def)             Requested size: 198.45662pt x 107.8833pt.
<./rysunki/wykres_zmiana_immuno_okreslone_chemiopol.jpg, id=1682, 427.5975pt x 
314.67563pt>
File: ./rysunki/wykres_zmiana_immuno_okreslone_chemiopol.jpg Graphic file (type
 jpg)
<use ./rysunki/wykres_zmiana_immuno_okreslone_chemiopol.jpg>
Package pdftex.def Info: ./rysunki/wykres_zmiana_immuno_okreslone_chemiopol.jpg
  used on input line 2137.
(pdftex.def)             Requested size: 198.45662pt x 146.04416pt.
<./rysunki/stezenie_zmiana_immuno_okreslone_chemiopol.jpg, id=1683, 368.1253pt 
x 204.01219pt>
File: ./rysunki/stezenie_zmiana_immuno_okreslone_chemiopol.jpg Graphic file (ty
pe jpg)
<use ./rysunki/stezenie_zmiana_immuno_okreslone_chemiopol.jpg>
Package pdftex.def Info: ./rysunki/stezenie_zmiana_immuno_okreslone_chemiopol.j
pg  used on input line 2140.
(pdftex.def)             Requested size: 198.45662pt x 109.98749pt.

LaTeX Warning: `!h' float specifier changed to `!ht'.

[107] [108 <./rysunki/wykres_zmiana_immuno_okreslone_chemio.jpg> <./rysunki/ste
zenie_zmiana_immuno_okreslone_chemio.jpg> <./rysunki/wykres_zmiana_immuno_okres
lone_chemiopol.jpg> <./rysunki/stezenie_zmiana_immuno_okreslone_chemiopol.jpg>]
[109]
Underfull \hbox (badness 10000) in paragraph at lines 2169--2170

 []


LaTeX Warning: `!h' float specifier changed to `!ht'.

[110] [111]
Overfull \hbox (7.33595pt too wide) in paragraph at lines 2195--2196
[]\OT4/cmr/m/n/12 Dla ta-kich sa-mych wa-run-ków po-cz¡t-ko-wych w przy-pad-ku 
roz-po-cz¦-cia le-cze-nia od che-
 []


Underfull \hbox (badness 10000) in paragraph at lines 2195--2196

 []

<./rysunki/wykres_czasy_wdrozenia_roznych_terapii.jpg, id=1735, 447.92343pt x 3
14.67563pt>
File: ./rysunki/wykres_czasy_wdrozenia_roznych_terapii.jpg Graphic file (type j
pg)
<use ./rysunki/wykres_czasy_wdrozenia_roznych_terapii.jpg>
Package pdftex.def Info: ./rysunki/wykres_czasy_wdrozenia_roznych_terapii.jpg  
used on input line 2200.
(pdftex.def)             Requested size: 198.45662pt x 139.418pt.
<./rysunki/stezenie_czasy_wdrozenia_roznych_terapii.jpg, id=1736, 360.59718pt x
 194.97844pt>
File: ./rysunki/stezenie_czasy_wdrozenia_roznych_terapii.jpg Graphic file (type
 jpg)
<use ./rysunki/stezenie_czasy_wdrozenia_roznych_terapii.jpg>
Package pdftex.def Info: ./rysunki/stezenie_czasy_wdrozenia_roznych_terapii.jpg
  used on input line 2203.
(pdftex.def)             Requested size: 198.45662pt x 107.30688pt.
<./rysunki/wykres_czasy_wdrozenia_roznych_terapii2.jpg, id=1737, 416.30531pt x 
314.67563pt>
File: ./rysunki/wykres_czasy_wdrozenia_roznych_terapii2.jpg Graphic file (type 
jpg)
<use ./rysunki/wykres_czasy_wdrozenia_roznych_terapii2.jpg>
Package pdftex.def Info: ./rysunki/wykres_czasy_wdrozenia_roznych_terapii2.jpg 
 used on input line 2206.
(pdftex.def)             Requested size: 198.45662pt x 150.01024pt.
<./rysunki/stezenie_czasy_wdrozenia_roznych_terapii2.jpg, id=1738, 362.10281pt 
x 197.23688pt>
File: ./rysunki/stezenie_czasy_wdrozenia_roznych_terapii2.jpg Graphic file (typ
e jpg)
<use ./rysunki/stezenie_czasy_wdrozenia_roznych_terapii2.jpg>
Package pdftex.def Info: ./rysunki/stezenie_czasy_wdrozenia_roznych_terapii2.jp
g  used on input line 2209.
(pdftex.def)             Requested size: 198.45662pt x 108.1014pt.
[112 <./rysunki/wykres_czasy_wdrozenia_roznych_terapii.jpg> <./rysunki/stezenie
_czasy_wdrozenia_roznych_terapii.jpg> <./rysunki/wykres_czasy_wdrozenia_roznych
_terapii2.jpg> <./rysunki/stezenie_czasy_wdrozenia_roznych_terapii2.jpg>]
[113]

LaTeX Warning: `!h' float specifier changed to `!ht'.

[114]
Overfull \hbox (4.14517pt too wide) in paragraph at lines 2267--2268
\OT4/cmr/m/n/12 Parametry dla mo-de-lu z uwzgl¦d-nie-niem pro-ce-su le-cze-nia 
przed-sta-wia Tab. [][]9.14[][] oraz [][]5.4[][]. 
 []

[115]
Underfull \hbox (badness 10000) in paragraph at lines 2291--2292

 []


Overfull \hbox (0.855pt too wide) in paragraph at lines 2299--2305
 [][] 
 []

[116]
File: ./rysunki/wykres_zmiana_immuno_okreslone_chemiopol.jpg Graphic file (type
 jpg)
<use ./rysunki/wykres_zmiana_immuno_okreslone_chemiopol.jpg>
Package pdftex.def Info: ./rysunki/wykres_zmiana_immuno_okreslone_chemiopol.jpg
  used on input line 2317.
(pdftex.def)             Requested size: 198.45662pt x 146.04416pt.

Underfull \hbox (badness 1308) in paragraph at lines 2317--2317
 \OT4/cmr/m/n/10 im-mu-no-te-ra-pii (Tab. [][]9.13[][]) oraz daw-ki IL- 
 []

File: ./rysunki/stezenie_zmiana_immuno_okreslone_chemiopol.jpg Graphic file (ty
pe jpg)
<use ./rysunki/stezenie_zmiana_immuno_okreslone_chemiopol.jpg>
Package pdftex.def Info: ./rysunki/stezenie_zmiana_immuno_okreslone_chemiopol.j
pg  used on input line 2320.
(pdftex.def)             Requested size: 198.45662pt x 109.98749pt.
<./rysunki/wykres_p2.jpg, id=1795, 414.79968pt x 313.9228pt>
File: ./rysunki/wykres_p2.jpg Graphic file (type jpg)
<use ./rysunki/wykres_p2.jpg>
Package pdftex.def Info: ./rysunki/wykres_p2.jpg  used on input line 2323.
(pdftex.def)             Requested size: 198.45662pt x 150.19264pt.
<./rysunki/stezenie_p2.jpg, id=1804, 371.13657pt x 201.00093pt>
File: ./rysunki/stezenie_p2.jpg Graphic file (type jpg)
<use ./rysunki/stezenie_p2.jpg>
Package pdftex.def Info: ./rysunki/stezenie_p2.jpg  used on input line 2326.
(pdftex.def)             Requested size: 198.45662pt x 107.48074pt.
[117 <./rysunki/wykres_p2.jpg> <./rysunki/stezenie_p2.jpg>] [118]
Rozdzia\PlPrIeC {\l } 10.

Underfull \hbox (badness 10000) in paragraph at lines 2350--2351

 []

[119

]
Underfull \hbox (badness 10000) in paragraph at lines 2359--2360

 []

[120] [121]
Rozdzia\PlPrIeC {\l } 11.

Underfull \hbox (badness 10000) in paragraph at lines 2390--2391

 []

[122

] [123] [124]
Rozdzia\PlPrIeC {\l } 12.

Overfull \hbox (26.34036pt too wide) in paragraph at lines 2414--2439
 [][] 
 []

[125

] [126] [127

] [128]
Underfull \hbox (badness 7047) in paragraph at lines 2520--2521
[]\OT4/cmr/m/n/10 K. Pin-kosz, ,,Prof. Pa-weª Wiech-no: W le-cze-niu za-awan-so
-wa-ne-go ra-ka ner-ki war-
 []


Underfull \hbox (badness 2884) in paragraph at lines 2520--2521
\OT4/cmr/m/n/10 to od po-cz¡t-ku sto-so-wa¢ im-mu-no-te-ra-pi¦'', cza-so-pi-smo
 ,,Do rze-czy'', do-st¦p 02.09.2020:
 []


Underfull \hbox (badness 10000) in paragraph at lines 2520--2521
\OT4/cmr/m/n/10 https://dorzeczy.pl/zdrowie/147631/prof-pawel-wiechno-w-leczeni
u-zaawansowanego-raka-nerki-
 []


Underfull \hbox (badness 6016) in paragraph at lines 2524--2525
[]\OT4/cmr/m/n/10 J. So-cha-czew-ski, ,,Ta ko-mór-ka ukªa-du od-por-no-±cio-we-
go po-tra-fi za-bi¢ wi¦k-szo±¢ ty-
 []


Underfull \hbox (badness 7907) in paragraph at lines 2524--2525
\OT4/cmr/m/n/10 pów ra-ka. Na-ukow-cy mó-wi¡ o prze-ªo-mie'', cza-so-pi-smo ,,F
o-cus'', do-st¦p 02.09.2020:
 []


Underfull \hbox (badness 10000) in paragraph at lines 2524--2525
\OT4/cmr/m/n/10 https://www.focus.pl/artykul/naukowcy-ktos-w-walii-ma-krew-ktor
a-zabija-wiekszosc-typow-
 []

) [129]
Package atveryend Info: Empty hook `BeforeClearDocument' on input line 42.
Package atveryend Info: Empty hook `AfterLastShipout' on input line 42.
 (ImmunochemiotherapyModel.aux)
Package atveryend Info: Executing hook `AtVeryEndDocument' on input line 42.
Package atveryend Info: Executing hook `AtEndAfterFileList' on input line 42.


Package rerunfilecheck Warning: File `ImmunochemiotherapyModel.out' has changed
.
(rerunfilecheck)                Rerun to get outlines right
(rerunfilecheck)                or use package `bookmark'.

Package rerunfilecheck Info: Checksums for `ImmunochemiotherapyModel.out':
(rerunfilecheck)             Before: F7E743E777377BFF487B814985F23CB9;5259
(rerunfilecheck)             After:  333AAC35D45404F8771F6E8000B9AA20;5200.

LaTeX Warning: There were multiply-defined labels.

Package atveryend Info: Empty hook `AtVeryVeryEnd' on input line 42.
 ) 
Here is how much of TeX's memory you used:
 10782 strings out of 480930
 185401 string characters out of 2901168
 624263 words of memory out of 3000000
 26013 multiletter control sequences out of 15000+200000
 552391 words of font info for 79 fonts, out of 3000000 for 9000
 1141 hyphenation exceptions out of 8191
 53i,13n,51p,2189b,469s stack positions out of 5000i,500n,10000p,200000b,50000s
{C:/Users/pc/AppData/Local/Programs/MiKTeX 2.9/fonts/enc/dvips/pl/plms.enc}{C
:/Users/pc/AppData/Local/Programs/MiKTeX 2.9/fonts/enc/dvips/pl/plmi.enc}{C:/Us
ers/pc/AppData/Local/Programs/MiKTeX 2.9/fonts/enc/dvips/pl/plrm.enc}{C:/Users/
pc/AppData/Local/Programs/MiKTeX 2.9/fonts/enc/dvips/pl/plme.enc}{C:/Users/pc/A
ppData/Local/Programs/MiKTeX 2.9/fonts/enc/dvips/pl/plit.enc}<C:/Users/pc/AppDa
ta/Local/Programs/MiKTeX 2.9/fonts/type1/public/pl/plbx10.pfb><C:/Users/pc/AppD
ata/Local/Programs/MiKTeX 2.9/fonts/type1/public/pl/plbx12.pfb><C:/Users/pc/App
Data/Local/Programs/MiKTeX 2.9/fonts/type1/public/pl/plex10.pfb><C:/Users/pc/Ap
pData/Local/Programs/MiKTeX 2.9/fonts/type1/public/pl/plmi10.pfb><C:/Users/pc/A
ppData/Local/Programs/MiKTeX 2.9/fonts/type1/public/pl/plmi12.pfb><C:/Users/pc/
AppData/Local/Programs/MiKTeX 2.9/fonts/type1/public/pl/plmi6.pfb><C:/Users/pc/
AppData/Local/Programs/MiKTeX 2.9/fonts/type1/public/pl/plmi7.pfb><C:/Users/pc/
AppData/Local/Programs/MiKTeX 2.9/fonts/type1/public/pl/plmi8.pfb><C:/Users/pc/
AppData/Local/Programs/MiKTeX 2.9/fonts/type1/public/pl/plr10.pfb><C:/Users/pc/
AppData/Local/Programs/MiKTeX 2.9/fonts/type1/public/pl/plr12.pfb><C:/Users/pc/
AppData/Local/Programs/MiKTeX 2.9/fonts/type1/public/pl/plr6.pfb><C:/Users/pc/A
ppData/Local/Programs/MiKTeX 2.9/fonts/type1/public/pl/plr7.pfb><C:/Users/pc/Ap
pData/Local/Programs/MiKTeX 2.9/fonts/type1/public/pl/plr8.pfb><C:/Users/pc/App
Data/Local/Programs/MiKTeX 2.9/fonts/type1/public/pl/plsl10.pfb><C:/Users/pc/Ap
pData/Local/Programs/MiKTeX 2.9/fonts/type1/public/pl/plsl12.pfb><C:/Users/pc/A
ppData/Local/Programs/MiKTeX 2.9/fonts/type1/public/pl/plsy10.pfb><C:/Users/pc/
AppData/Local/Programs/MiKTeX 2.9/fonts/type1/public/pl/plsy6.pfb><C:/Users/pc/
AppData/Local/Programs/MiKTeX 2.9/fonts/type1/public/pl/plsy7.pfb><C:/Users/pc/
AppData/Local/Programs/MiKTeX 2.9/fonts/type1/public/pl/plsy8.pfb><C:/Users/pc/
AppData/Local/Programs/MiKTeX 2.9/fonts/type1/public/pl/plti12.pfb>
Output written on ImmunochemiotherapyModel.pdf (138 pages, 3369428 bytes).
PDF statistics:
 2090 PDF objects out of 2487 (max. 8388607)
 404 named destinations out of 1000 (max. 500000)
 833 words of extra memory for PDF output out of 10000 (max. 10000000)

